rm -f *.o *~ */*~
rm -f serial broadcast scatter teamscatter symmetric profile_p2p
rm -f -r .deps
g++ -std=c++11 -DP2P_NUM_THREADS=0 -DP2P_DECAY_ITERATOR=0 -fopenmp -O3 -funroll-loops -Wextra -Wno-unused-local-typedefs -I/n/sw/centos6/openmpi-1.6.5_gcc-4.8.0/include -pthread -MD -MF .deps/symmetric.d -MP -I. -c -o symmetric.o symmetric.cpp
g++ -std=c++11 -DP2P_NUM_THREADS=0 -DP2P_DECAY_ITERATOR=0 -fopenmp -O3 -funroll-loops -Wextra -Wno-unused-local-typedefs -I/n/sw/centos6/openmpi-1.6.5_gcc-4.8.0/include -pthread -o symmetric symmetric.o -pthread -L/lsf/7.0/linux2.6-glibc2.3-x86_64/lib -L/n/sw/centos6/openmpi-1.6.5_gcc-4.8.0/lib -lmpi_cxx -lmpi -lrdmacm -libverbs -lrt -lnsl -lutil -lm -lbat -llsf -ldl -lm -Wl,--export-dynamic -lrt -lnsl -lutil -lm -ldl
N = 256000
P = 128
Teamsize = 1
Label	Computation	Split	Shift	SendReceive	Reduce
C=1	3.875329e+00	1.085937e-06	3.261543e+00	4.812123e+00	2.065625e-05
Rank 0 Total Time: 1.418830e+01
Reading result from data/invsq_n256000_s1337.txt
Vector  relative error: 1.55122e-14
Average relative error: 1.22961e-14
Maximum relative error: 7.85684e-14
N = 256000
P = 128
Teamsize = 2
Label	Computation	Split	Shift	SendReceive	Reduce
C=2	3.556571e+00	3.493454e-01	1.913473e+00	1.701173e+00	8.402607e-02
Rank 0 Total Time: 8.645126e+00
Reading result from data/invsq_n256000_s1337.txt
Vector  relative error: 1.46292e-14
Average relative error: 1.16864e-14
Maximum relative error: 6.67933e-14
N = 256000
P = 128
Teamsize = 4
Label	Computation	Split	Shift	SendReceive	Reduce
C=4	4.085921e+00	3.661425e-01	9.487385e-01	6.766433e-01	6.463766e-01
Rank 0 Total Time: 7.982848e+00
Reading result from data/invsq_n256000_s1337.txt
Vector  relative error: 1.42787e-14
Average relative error: 1.14198e-14
Maximum relative error: 6.58894e-14
N = 256000
P = 128
Teamsize = 8
Label	Computation	Split	Shift	SendReceive	Reduce
C=8	5.903237e+00	1.400458e-01	2.535186e-01	5.617188e-06	8.778845e-01
Rank 0 Total Time: 9.083930e+00
Reading result from data/invsq_n256000_s1337.txt
Vector  relative error: 1.4041e-14
Average relative error: 1.12316e-14
Maximum relative error: 6.28947e-14
