N = 25600
P = 64
Teamsize = 4
[27] Timer: 1.210476e+00
[27] CommTimer: 8.570100e-02
[27] CompTimer: 1.064240e+00
[11] Timer: 1.241836e+00
[11] CommTimer: 1.050240e-01
[11] CompTimer: 1.075619e+00
[35] Timer: 1.250996e+00
[35] CommTimer: 1.016150e-01
[35] CompTimer: 1.088636e+00
[59] Timer: 1.258972e+00
[59] CommTimer: 4.902000e-02
[59] CompTimer: 1.153881e+00
[43] Timer: 1.253079e+00
[43] CommTimer: 1.266190e-01
[43] CompTimer: 1.077181e+00
[3] Timer: 1.273099e+00
[3] CommTimer: 8.514300e-02
[3] CompTimer: 1.126685e+00
[19] Timer: 1.270716e+00
[19] CommTimer: 1.714650e-01
[19] CompTimer: 1.042903e+00
[51] Timer: 1.279448e+00
[51] CommTimer: 1.119210e-01
[51] CompTimer: 1.111172e+00
[7] Timer: 1.301183e+00
[7] CommTimer: 2.102260e-01
[7] CompTimer: 1.029795e+00
[39] Timer: 1.299797e+00
[39] CommTimer: 1.522950e-01
[39] CompTimer: 1.093173e+00
[23] Timer: 1.303368e+00
[23] CommTimer: 2.055830e-01
[23] CompTimer: 1.062417e+00
[47] Timer: 1.333895e+00
[47] CommTimer: 2.245980e-01
[47] CompTimer: 1.048278e+00
[31] Timer: 1.334854e+00
[31] CommTimer: 2.064620e-01
[31] CompTimer: 1.067647e+00
[63] Timer: 1.333110e+00
[63] CommTimer: 1.797790e-01
[63] CompTimer: 1.092504e+00
[55] Timer: 1.328424e+00
[55] CommTimer: 2.353440e-01
[55] CompTimer: 1.057435e+00
[6] Timer: 1.345043e+00
[6] CommTimer: 1.564340e-01
[6] CompTimer: 1.126718e+00
[15] Timer: 1.347601e+00
[15] CommTimer: 2.087790e-01
[15] CompTimer: 1.077960e+00
[22] Timer: 1.342475e+00
[22] CommTimer: 1.651460e-01
[22] CompTimer: 1.121550e+00
[54] Timer: 1.353413e+00
[54] CommTimer: 1.774290e-01
[54] CompTimer: 1.120088e+00
[1] Timer: 1.359478e+00
[1] CommTimer: 1.977720e-01
[1] CompTimer: 1.099879e+00
[2] Timer: 1.359992e+00
[2] CommTimer: 2.353670e-01
[2] CompTimer: 1.062470e+00
[49] Timer: 1.351196e+00
[49] CommTimer: 2.219500e-01
[49] CompTimer: 1.082102e+00
[50] Timer: 1.361214e+00
[50] CommTimer: 2.496410e-01
[50] CompTimer: 1.061346e+00
[33] Timer: 1.364623e+00
[33] CommTimer: 2.136400e-01
[33] CompTimer: 1.088979e+00
[34] Timer: 1.366307e+00
[34] CommTimer: 2.801800e-01
[34] CompTimer: 1.024056e+00
[61] Timer: 1.366234e+00
[61] CommTimer: 2.884540e-01
[61] CompTimer: 1.032569e+00
[38] Timer: 1.358038e+00
[38] CommTimer: 2.639790e-01
[38] CompTimer: 1.041170e+00
[62] Timer: 1.348145e+00
[62] CommTimer: 2.483740e-01
[62] CompTimer: 1.058142e+00
[26] Timer: 1.364207e+00
[26] CommTimer: 2.627660e-01
[26] CompTimer: 1.047303e+00
[57] Timer: 1.366415e+00
[57] CommTimer: 2.564480e-01
[57] CompTimer: 1.054166e+00
[17] Timer: 1.357963e+00
[17] CommTimer: 1.982170e-01
[17] CompTimer: 1.112587e+00
[25] Timer: 1.379289e+00
[25] CommTimer: 2.127540e-01
[25] CompTimer: 1.105109e+00
[18] Timer: 1.364857e+00
[18] CommTimer: 2.057450e-01
[18] CompTimer: 1.108809e+00
[58] Timer: 1.362633e+00
[58] CommTimer: 2.334060e-01
[58] CompTimer: 1.082076e+00
[13] Timer: 1.382013e+00
[13] CommTimer: 2.885420e-01
[13] CompTimer: 1.032478e+00
[46] Timer: 1.377384e+00
[46] CommTimer: 2.374350e-01
[46] CompTimer: 1.081200e+00
[9] Timer: 1.385416e+00
[9] CommTimer: 2.547470e-01
[9] CompTimer: 1.069239e+00
[10] Timer: 1.385366e+00
[10] CommTimer: 2.584760e-01
[10] CompTimer: 1.065263e+00
[14] Timer: 1.385423e+00
[14] CommTimer: 2.404910e-01
[14] CompTimer: 1.082863e+00
[29] Timer: 1.367642e+00
[29] CommTimer: 2.038700e-01
[29] CompTimer: 1.118537e+00
[30] Timer: 1.381077e+00
[30] CommTimer: 2.683430e-01
[30] CompTimer: 1.056911e+00
[45] Timer: 1.377752e+00
[45] CommTimer: 1.927920e-01
[45] CompTimer: 1.134176e+00
[41] Timer: 1.393574e+00
[41] CommTimer: 2.634380e-01
[41] CompTimer: 1.078262e+00
[42] Timer: 1.400681e+00
[42] CommTimer: 3.019230e-01
[42] CompTimer: 1.039657e+00
[37] Timer: 1.474463e+00
[37] CommTimer: 4.468560e-01
[37] CompTimer: 9.663080e-01
[53] Timer: 1.485889e+00
[53] CommTimer: 4.681450e-01
[53] CompTimer: 9.567360e-01
[4] Timer: 1.457235e+00
[4] CommTimer: 2.301320e-01
[4] CompTimer: 1.201175e+00
[5] Timer: 1.492614e+00
[5] CommTimer: 5.345540e-01
[5] CompTimer: 8.968040e-01
[8] Timer: 1.502061e+00
[8] CommTimer: 3.628340e-01
[8] CompTimer: 1.077406e+00
[12] Timer: 1.476996e+00
[12] CommTimer: 3.429830e-01
[12] CompTimer: 1.108259e+00
[16] Timer: 1.501929e+00
[16] CommTimer: 3.123610e-01
[16] CompTimer: 1.135209e+00
[20] Timer: 1.492770e+00
[20] CommTimer: 2.633770e-01
[20] CompTimer: 1.203797e+00
[21] Timer: 1.508837e+00
[21] CommTimer: 5.089180e-01
[21] CompTimer: 9.389150e-01
[24] Timer: 1.505668e+00
[24] CommTimer: 3.465000e-01
[24] CompTimer: 1.098056e+00
[28] Timer: 1.511256e+00
[28] CommTimer: 3.818650e-01
[28] CompTimer: 1.103836e+00
[32] Timer: 1.500890e+00
[32] CommTimer: 2.456200e-01
[32] CompTimer: 1.196439e+00
[36] Timer: 1.487690e+00
[36] CommTimer: 2.239630e-01
[36] CompTimer: 1.237802e+00
[40] Timer: 1.511482e+00
[40] CommTimer: 2.900230e-01
[40] CompTimer: 1.159489e+00
[44] Timer: 1.510071e+00
[44] CommTimer: 3.265710e-01
[44] CompTimer: 1.157654e+00
[48] Timer: 1.504540e+00
[48] CommTimer: 2.704540e-01
[48] CompTimer: 1.179710e+00
[52] Timer: 1.508022e+00
[52] CommTimer: 3.000390e-01
[52] CompTimer: 1.181958e+00
[56] Timer: 1.507289e+00
[56] CommTimer: 2.485170e-01
[56] CompTimer: 1.198535e+00
[0] Timer: 1.509284e+00
[0] CommTimer: 3.152150e-01
[0] CompTimer: 1.131696e+00
Computing direct matvec...
[60] Timer: 1.490558e+00
[60] CommTimer: 2.688530e-01
[60] CompTimer: 1.199294e+00
Vector  relative error: 0.013356
Average relative error: 0.00276363
Maximum relative error: 0.0662935
DirectCompTime: 7.60195
N = 25600
P = 64
Teamsize = 2
[47] Timer: 1.725785e+00
[47] CommTimer: 7.071870e-01
[47] CompTimer: 1.004725e+00
[39] Timer: 1.778892e+00
[39] CommTimer: 7.667630e-01
[39] CompTimer: 9.982670e-01
[43] Timer: 1.761265e+00
[43] CommTimer: 6.493450e-01
[43] CompTimer: 1.097999e+00
[25] Timer: 1.798394e+00
[25] CommTimer: 7.606560e-01
[25] CompTimer: 1.024268e+00
[33] Timer: 1.813540e+00
[33] CommTimer: 7.593200e-01
[33] CompTimer: 1.040277e+00
[29] Timer: 1.799728e+00
[29] CommTimer: 7.215750e-01
[29] CompTimer: 1.064554e+00
[57] Timer: 1.799901e+00
[57] CommTimer: 7.620720e-01
[57] CompTimer: 1.024193e+00
[35] Timer: 1.822690e+00
[35] CommTimer: 7.624030e-01
[35] CompTimer: 1.046173e+00
[27] Timer: 1.828468e+00
[27] CommTimer: 7.865140e-01
[27] CompTimer: 1.028184e+00
[61] Timer: 1.834926e+00
[61] CommTimer: 7.642460e-01
[61] CompTimer: 1.057288e+00
[49] Timer: 1.812352e+00
[49] CommTimer: 7.617400e-01
[49] CompTimer: 1.036712e+00
[1] Timer: 1.795095e+00
[1] CommTimer: 7.813110e-01
[1] CompTimer: 9.996120e-01
[55] Timer: 1.838318e+00
[55] CommTimer: 8.012150e-01
[55] CompTimer: 1.023226e+00
[45] Timer: 1.840898e+00
[45] CommTimer: 8.427900e-01
[45] CompTimer: 9.842990e-01
[53] Timer: 1.820713e+00
[53] CommTimer: 7.416890e-01
[53] CompTimer: 1.065348e+00
[63] Timer: 1.825633e+00
[63] CommTimer: 8.461150e-01
[63] CompTimer: 9.714430e-01
[9] Timer: 1.844133e+00
[9] CommTimer: 7.254740e-01
[9] CompTimer: 1.104524e+00
[19] Timer: 1.843946e+00
[19] CommTimer: 8.042920e-01
[19] CompTimer: 1.025422e+00
[23] Timer: 1.828729e+00
[23] CommTimer: 7.436560e-01
[23] CompTimer: 1.071154e+00
[5] Timer: 1.847760e+00
[5] CommTimer: 7.354230e-01
[5] CompTimer: 1.098225e+00
[37] Timer: 1.847025e+00
[37] CommTimer: 7.892430e-01
[37] CompTimer: 1.043963e+00
[21] Timer: 1.847231e+00
[21] CommTimer: 7.814650e-01
[21] CompTimer: 1.051896e+00
[7] Timer: 1.849029e+00
[7] CommTimer: 8.105220e-01
[7] CompTimer: 1.024466e+00
[17] Timer: 1.850438e+00
[17] CommTimer: 7.790080e-01
[17] CompTimer: 1.057487e+00
[41] Timer: 1.852576e+00
[41] CommTimer: 7.997060e-01
[41] CompTimer: 1.039032e+00
[31] Timer: 1.852902e+00
[31] CommTimer: 8.298490e-01
[31] CompTimer: 1.014882e+00
[11] Timer: 1.852793e+00
[11] CommTimer: 7.719360e-01
[11] CompTimer: 1.066926e+00
[15] Timer: 1.854416e+00
[15] CommTimer: 7.962670e-01
[15] CompTimer: 1.044237e+00
[13] Timer: 1.863145e+00
[13] CommTimer: 7.987400e-01
[13] CompTimer: 1.050370e+00
[59] Timer: 1.873775e+00
[59] CommTimer: 7.452150e-01
[59] CompTimer: 1.115044e+00
[51] Timer: 1.886998e+00
[51] CommTimer: 7.450120e-01
[51] CompTimer: 1.127985e+00
[2] Timer: 1.895999e+00
[2] CommTimer: 8.098120e-01
[2] CompTimer: 1.031002e+00
[3] Timer: 1.896092e+00
[3] CommTimer: 8.428590e-01
[3] CompTimer: 1.038831e+00
[4] Timer: 1.894897e+00
[4] CommTimer: 8.083470e-01
[4] CompTimer: 1.031470e+00
[6] Timer: 1.896028e+00
[6] CommTimer: 7.587860e-01
[6] CompTimer: 1.082673e+00
[8] Timer: 1.893719e+00
[8] CommTimer: 7.896660e-01
[8] CompTimer: 1.048948e+00
[12] Timer: 1.880912e+00
[12] CommTimer: 7.633060e-01
[12] CompTimer: 1.075422e+00
[14] Timer: 1.869991e+00
[14] CommTimer: 7.427230e-01
[14] CompTimer: 1.096210e+00
[16] Timer: 1.896331e+00
[16] CommTimer: 7.912130e-01
[16] CompTimer: 1.049981e+00
[10] Timer: 1.893711e+00
[10] CommTimer: 7.628310e-01
[10] CompTimer: 1.075804e+00
[18] Timer: 1.895576e+00
[18] CommTimer: 8.561350e-01
[18] CompTimer: 9.842010e-01
[20] Timer: 1.890537e+00
[20] CommTimer: 7.528050e-01
[20] CompTimer: 1.086438e+00
[22] Timer: 1.867574e+00
[22] CommTimer: 7.585330e-01
[22] CompTimer: 1.080710e+00
[24] Timer: 1.868898e+00
[24] CommTimer: 8.198380e-01
[24] CompTimer: 1.019458e+00
[26] Timer: 1.894998e+00
[26] CommTimer: 7.973560e-01
[26] CompTimer: 1.044536e+00
[28] Timer: 1.899792e+00
[28] CommTimer: 8.208460e-01
[28] CompTimer: 1.036886e+00
[30] Timer: 1.872669e+00
[30] CommTimer: 8.452870e-01
[30] CompTimer: 1.002610e+00
[32] Timer: 1.904773e+00
[32] CommTimer: 7.822870e-01
[32] CompTimer: 1.067432e+00
[34] Timer: 1.888914e+00
[34] CommTimer: 7.915800e-01
[34] CompTimer: 1.060246e+00
[36] Timer: 1.909253e+00
[36] CommTimer: 7.865570e-01
[36] CompTimer: 1.067931e+00
[38] Timer: 1.907752e+00
[38] CommTimer: 7.545620e-01
[38] CompTimer: 1.098664e+00
[40] Timer: 1.872021e+00
[40] CommTimer: 7.098200e-01
[40] CompTimer: 1.142437e+00
[42] Timer: 1.907441e+00
[42] CommTimer: 7.850130e-01
[42] CompTimer: 1.067562e+00
[44] Timer: 1.908914e+00
[44] CommTimer: 7.785300e-01
[44] CompTimer: 1.088376e+00
[46] Timer: 1.910308e+00
[46] CommTimer: 7.719250e-01
[46] CompTimer: 1.107359e+00
[48] Timer: 1.914025e+00
[48] CommTimer: 7.825430e-01
[48] CompTimer: 1.080480e+00
[52] Timer: 1.908670e+00
[52] CommTimer: 8.154540e-01
[52] CompTimer: 1.047861e+00
[0] Timer: 1.919048e+00
[0] CommTimer: 7.777120e-01
[0] CompTimer: 1.086051e+00
[50] Timer: 1.918097e+00
[50] CommTimer: 8.293310e-01
[50] CompTimer: 1.033887e+00
[54] Timer: 1.920040e+00
[54] CommTimer: 8.250680e-01
[54] CompTimer: 1.066636e+00
[56] Timer: 1.920509e+00
[56] CommTimer: 8.222940e-01
[56] CompTimer: 1.068644e+00
[58] Timer: 1.920489e+00
[58] CommTimer: 8.231830e-01
[58] CompTimer: 1.044300e+00
[60] Timer: 1.913608e+00
[60] CommTimer: 7.693220e-01
[60] CompTimer: 1.102312e+00
[62] Timer: 1.890296e+00
[62] CommTimer: 8.110990e-01
[62] CompTimer: 1.055364e+00
