N = 25600
P = 32
Teamsize = 4
Label	Computation	Split	Shift	SendReceive	ReduceC=4	4.563609e-01	1.340644e-02	2.231575e-02	0.000000e+00	1.098416e-01Computing direct matvec...
Vector  relative error: 4.13959e-15
Average relative error: 3.66098e-15
Maximum relative error: 2.033e-14
DirectCompTime: 5.36322
N = 25600
P = 64
Teamsize = 4
Label	Computation	Split	Shift	SendReceive	ReduceC=4	4.534838e-01	8.120138e-02	7.720892e-02	1.327300e-02	5.844403e-02Computing direct matvec...
Vector  relative error: 4.2588e-15
Average relative error: 3.66447e-15
Maximum relative error: 2.05083e-14
DirectCompTime: 5.55819
N = 25600
P = 32
Teamsize = 4
Label	Computation	Split	Shift	Reducec=4	4.428890e-01	3.581881e-02	1.818319e-02	1.044744e-01Computing direct matvec...
Vector  relative error: 4.13959e-15
Average relative error: 3.66098e-15
Maximum relative error: 2.033e-14
DirectCompTime: 6.02423
N = 25600
P = 64
Teamsize = 4
Label	Computation	Split	Shift	Reducec=4	4.053867e-01	3.757973e-02	5.720166e-02	4.631597e-02Computing direct matvec...
Vector  relative error: 4.50133e-15
Average relative error: 3.64566e-15
Maximum relative error: 1.99733e-14
DirectCompTime: 5.12939
