N = 20000
P = 32
Teamsize = 1
[30] Timer: 2.070245e+00
[30] CommTimer: 1.714836e+00
[30] CompTimer: 3.708800e-02
[31] Timer: 2.081532e+00
[31] CommTimer: 1.780481e+00
[31] CompTimer: 3.635000e-02
[1] Timer: 2.096385e+00
[1] CommTimer: 1.418250e+00
[1] CompTimer: 1.945100e-01
[2] Timer: 2.085271e+00
[2] CommTimer: 1.417653e+00
[2] CompTimer: 1.936110e-01
[3] Timer: 2.142521e+00
[3] CommTimer: 1.510991e+00
[3] CompTimer: 1.667140e-01
[4] Timer: 2.142591e+00
[4] CommTimer: 1.474398e+00
[4] CompTimer: 2.032740e-01
[5] Timer: 2.142208e+00
[5] CommTimer: 1.506631e+00
[5] CompTimer: 1.751300e-01
[6] Timer: 2.127746e+00
[6] CommTimer: 1.513926e+00
[6] CompTimer: 1.711730e-01
[7] Timer: 2.159179e+00
[7] CommTimer: 1.658310e+00
[7] CompTimer: 2.360230e-01
[29] Timer: 2.156626e+00
[29] CommTimer: 1.693893e+00
[29] CompTimer: 1.210580e-01
[28] Timer: 2.185010e+00
[28] CommTimer: 1.709577e+00
[28] CompTimer: 2.023080e-01
[27] Timer: 2.196581e+00
[27] CommTimer: 1.791648e+00
[27] CompTimer: 2.017830e-01
[8] Timer: 2.182717e+00
[8] CommTimer: 1.725060e+00
[8] CompTimer: 2.297090e-01
[9] Timer: 2.193493e+00
[9] CommTimer: 1.645383e+00
[9] CompTimer: 2.325070e-01
[10] Timer: 2.173113e+00
[10] CommTimer: 1.779582e+00
[10] CompTimer: 1.258150e-01
[11] Timer: 2.195113e+00
[11] CommTimer: 1.811467e+00
[11] CompTimer: 1.727570e-01
[12] Timer: 2.192766e+00
[12] CommTimer: 1.771440e+00
[12] CompTimer: 1.484250e-01
[13] Timer: 2.192680e+00
[13] CommTimer: 1.674245e+00
[13] CompTimer: 1.768990e-01
[14] Timer: 2.189646e+00
[14] CommTimer: 1.699366e+00
[14] CompTimer: 1.665090e-01
[15] Timer: 2.156207e+00
[15] CommTimer: 1.689664e+00
[15] CompTimer: 2.017580e-01
[16] Timer: 2.189005e+00
[16] CommTimer: 1.581596e+00
[16] CompTimer: 1.522490e-01
[17] Timer: 2.198008e+00
[17] CommTimer: 1.528427e+00
[17] CompTimer: 1.972800e-01
[18] Timer: 2.192898e+00
[18] CommTimer: 1.495416e+00
[18] CompTimer: 2.373240e-01
[19] Timer: 2.192726e+00
[19] CommTimer: 1.433249e+00
[19] CompTimer: 3.086340e-01
[20] Timer: 2.190105e+00
[20] CommTimer: 1.553011e+00
[20] CompTimer: 1.887520e-01
[21] Timer: 2.186135e+00
[21] CommTimer: 1.609208e+00
[21] CompTimer: 1.366620e-01
[22] Timer: 2.186156e+00
[22] CommTimer: 1.542850e+00
[22] CompTimer: 2.172330e-01
[0] Timer: 2.224175e+00
[0] CommTimer: 1.546310e+00
[0] CompTimer: 2.109560e-01
Computing direct matvec...
[23] Timer: 2.230239e+00
[23] CommTimer: 1.809496e+00
[23] CompTimer: 1.559710e-01
[24] Timer: 2.231568e+00
[24] CommTimer: 1.854994e+00
[24] CompTimer: 1.487080e-01
[26] Timer: 2.230956e+00
[26] CommTimer: 1.755898e+00
[26] CompTimer: 2.075080e-01
[25] Timer: 2.232153e+00
[25] CommTimer: 1.635000e+00
[25] CompTimer: 2.813480e-01
Vector  relative error: -nan
Average relative error: nan
Maximum relative error: 0
DirectCompTime: 1.80061
N = 20000
P = 32
Teamsize = 2
[31] Timer: 1.393568e+00
[31] CommTimer: 1.038703e+00
[31] CompTimer: 2.099400e-02
[7] Timer: 1.387234e+00
[7] CommTimer: 9.485160e-01
[7] CompTimer: 9.679800e-02
[3] Timer: 1.403833e+00
[3] CommTimer: 6.967440e-01
[3] CompTimer: 1.523610e-01
[15] Timer: 1.399366e+00
[15] CommTimer: 9.608780e-01
[15] CompTimer: 9.560400e-02
[19] Timer: 1.406209e+00
[19] CommTimer: 7.061550e-01
[19] CompTimer: 1.513630e-01
[11] Timer: 1.413448e+00
[11] CommTimer: 8.859120e-01
[11] CompTimer: 1.295560e-01
[23] Timer: 1.432636e+00
[23] CommTimer: 8.703830e-01
[23] CompTimer: 2.329840e-01
[5] Timer: 1.438165e+00
[5] CommTimer: 7.296260e-01
[5] CompTimer: 1.664710e-01
[27] Timer: 1.427650e+00
[27] CommTimer: 8.484280e-01
[27] CompTimer: 1.920090e-01
[21] Timer: 1.430243e+00
[21] CommTimer: 7.770080e-01
[21] CompTimer: 1.055490e-01
[9] Timer: 1.438920e+00
[9] CommTimer: 9.510790e-01
[9] CompTimer: 1.070100e-01
[17] Timer: 1.424965e+00
[17] CommTimer: 7.278540e-01
[17] CompTimer: 1.593280e-01
[1] Timer: 1.447349e+00
[1] CommTimer: 7.532630e-01
[1] CompTimer: 1.439880e-01
[25] Timer: 1.446331e+00
[25] CommTimer: 8.563380e-01
[25] CompTimer: 2.091180e-01
[2] Timer: 1.439198e+00
[2] CommTimer: 7.449470e-01
[2] CompTimer: 1.543820e-01
[6] Timer: 1.440475e+00
[6] CommTimer: 7.501540e-01
[6] CompTimer: 1.406830e-01
[4] Timer: 1.445596e+00
[4] CommTimer: 8.205150e-01
[4] CompTimer: 7.825500e-02
[8] Timer: 1.442238e+00
[8] CommTimer: 9.393280e-01
[8] CompTimer: 1.301360e-01
[10] Timer: 1.420871e+00
[10] CommTimer: 8.891780e-01
[10] CompTimer: 1.178780e-01
[12] Timer: 1.447361e+00
[12] CommTimer: 9.453860e-01
[12] CompTimer: 1.368770e-01
[13] Timer: 1.424505e+00
[13] CommTimer: 8.526990e-01
[13] CompTimer: 1.648980e-01
[14] Timer: 1.441128e+00
[14] CommTimer: 9.473390e-01
[14] CompTimer: 9.783800e-02
[16] Timer: 1.440108e+00
[16] CommTimer: 7.177710e-01
[16] CompTimer: 1.877420e-01
[18] Timer: 1.428193e+00
[18] CommTimer: 8.032820e-01
[18] CompTimer: 1.041200e-01
[20] Timer: 1.440204e+00
[20] CommTimer: 7.930050e-01
[20] CompTimer: 1.055230e-01
[22] Timer: 1.439503e+00
[22] CommTimer: 7.759580e-01
[22] CompTimer: 1.135760e-01
[0] Timer: 1.451953e+00
[0] CommTimer: 7.584410e-01
[0] CompTimer: 1.472490e-01
[29] Timer: 1.454946e+00
[29] CommTimer: 8.694760e-01
[29] CompTimer: 1.784490e-01
[24] Timer: 1.455328e+00
[24] CommTimer: 8.609490e-01
[24] CompTimer: 2.214740e-01
[30] Timer: 1.445139e+00
[30] CommTimer: 1.028210e+00
[30] CompTimer: 2.095600e-02
[26] Timer: 1.453619e+00
[26] CommTimer: 7.945450e-01
[26] CompTimer: 2.437530e-01
[28] Timer: 1.455355e+00
[28] CommTimer: 8.297350e-01
[28] CompTimer: 2.605120e-01
N = 20000
P = 32
Teamsize = 4
[23] Timer: 1.311097e+00
[23] CommTimer: 7.755580e-01
[23] CompTimer: 1.856790e-01
[31] Timer: 1.392238e+00
[31] CommTimer: 9.975260e-01
[31] CompTimer: 4.558000e-02
[30] Timer: 1.392696e+00
[30] CommTimer: 9.581570e-01
[30] CompTimer: 5.854600e-02
[22] Timer: 1.376801e+00
[22] CommTimer: 5.179600e-01
[22] CompTimer: 3.495410e-01
[6] Timer: 1.341076e+00
[6] CommTimer: 4.497260e-01
[6] CompTimer: 3.740510e-01
[7] Timer: 1.400881e+00
[7] CommTimer: 6.647420e-01
[7] CompTimer: 3.861840e-01
[29] Timer: 1.405655e+00
[29] CommTimer: 8.175600e-01
[29] CompTimer: 1.992510e-01
[14] Timer: 1.415848e+00
[14] CommTimer: 9.264930e-01
[14] CompTimer: 1.134460e-01
[15] Timer: 1.400661e+00
[15] CommTimer: 6.290300e-01
[15] CompTimer: 4.175960e-01
[17] Timer: 1.402818e+00
[17] CommTimer: 4.940560e-01
[17] CompTimer: 4.080840e-01
[10] Timer: 1.372813e+00
[10] CommTimer: 5.749690e-01
[10] CompTimer: 4.138790e-01
[11] Timer: 1.417773e+00
[11] CommTimer: 6.592380e-01
[11] CompTimer: 4.007750e-01
[13] Timer: 1.427948e+00
[13] CommTimer: 6.053340e-01
[13] CompTimer: 4.278700e-01
[1] Timer: 1.433655e+00
[1] CommTimer: 4.930790e-01
[1] CompTimer: 4.213260e-01
[9] Timer: 1.415377e+00
[9] CommTimer: 6.123770e-01
[9] CompTimer: 4.237450e-01
[5] Timer: 1.417828e+00
[5] CommTimer: 4.891600e-01
[5] CompTimer: 4.247830e-01
[18] Timer: 1.438778e+00
[18] CommTimer: 4.989130e-01
[18] CompTimer: 4.254640e-01
[19] Timer: 1.395828e+00
[19] CommTimer: 6.670460e-01
[19] CompTimer: 2.281150e-01
[3] Timer: 1.407701e+00
[3] CommTimer: 4.744300e-01
[3] CompTimer: 4.162650e-01
[2] Timer: 1.429878e+00
[2] CommTimer: 5.054120e-01
[2] CompTimer: 4.099620e-01
[4] Timer: 1.423151e+00
[4] CommTimer: 6.137250e-01
[4] CompTimer: 2.999560e-01
[12] Timer: 1.433263e+00
[12] CommTimer: 8.085360e-01
[12] CompTimer: 2.875420e-01
[16] Timer: 1.433256e+00
[16] CommTimer: 6.020480e-01
[16] CompTimer: 3.361720e-01
[8] Timer: 1.443066e+00
[8] CommTimer: 7.909770e-01
[8] CompTimer: 3.453220e-01
[25] Timer: 1.441607e+00
[25] CommTimer: 8.541070e-01
[25] CompTimer: 2.197150e-01
[21] Timer: 1.399258e+00
[21] CommTimer: 6.590220e-01
[21] CompTimer: 2.543200e-01
[20] Timer: 1.444157e+00
[20] CommTimer: 4.972360e-01
[20] CompTimer: 4.254490e-01
[26] Timer: 1.458535e+00
[26] CommTimer: 8.672480e-01
[26] CompTimer: 2.066740e-01
[27] Timer: 1.458767e+00
[27] CommTimer: 9.466560e-01
[27] CompTimer: 1.611620e-01
[0] Timer: 1.376804e+00
[0] CommTimer: 4.406550e-01
[0] CompTimer: 4.355220e-01
[28] Timer: 1.459790e+00
[28] CommTimer: 8.861420e-01
[28] CompTimer: 2.363660e-01
[24] Timer: 1.459415e+00
[24] CommTimer: 9.330950e-01
[24] CompTimer: 2.195500e-01
N = 20000
P = 32
Teamsize = 1
[30] Timer: 2.597216e+00
[30] CommTimer: 2.089957e+00
[30] CompTimer: 4.818600e-02
[31] Timer: 2.607851e+00
[31] CommTimer: 2.171098e+00
[31] CompTimer: 4.849900e-02
[29] Timer: 2.580618e+00
[29] CommTimer: 2.000648e+00
[29] CompTimer: 2.098820e-01
[1] Timer: 2.611024e+00
[1] CommTimer: 1.749792e+00
[1] CompTimer: 2.397180e-01
[23] Timer: 2.614724e+00
[23] CommTimer: 1.942595e+00
[23] CompTimer: 2.900450e-01
[24] Timer: 2.614574e+00
[24] CommTimer: 1.872108e+00
[24] CompTimer: 3.196350e-01
[25] Timer: 2.614564e+00
[25] CommTimer: 1.846009e+00
[25] CompTimer: 3.803410e-01
[26] Timer: 2.621375e+00
[26] CommTimer: 1.875813e+00
[26] CompTimer: 2.838030e-01
[2] Timer: 2.591645e+00
[2] CommTimer: 1.749975e+00
[2] CompTimer: 2.137510e-01
[3] Timer: 2.625112e+00
[3] CommTimer: 1.898622e+00
[3] CompTimer: 1.664000e-01
[4] Timer: 2.617143e+00
[4] CommTimer: 1.868500e+00
[4] CompTimer: 1.545300e-01
[28] Timer: 2.630548e+00
[28] CommTimer: 2.022157e+00
[28] CompTimer: 2.189670e-01
[27] Timer: 2.634837e+00
[27] CommTimer: 1.965122e+00
[27] CompTimer: 2.923860e-01
[9] Timer: 2.646183e+00
[9] CommTimer: 2.061536e+00
[9] CompTimer: 1.965170e-01
[10] Timer: 2.635502e+00
[10] CommTimer: 1.960451e+00
[10] CompTimer: 2.094750e-01
[11] Timer: 2.659860e+00
[11] CommTimer: 2.040792e+00
[11] CompTimer: 2.364960e-01
[12] Timer: 2.655196e+00
[12] CommTimer: 2.009977e+00
[12] CompTimer: 2.454920e-01
[14] Timer: 2.660550e+00
[14] CommTimer: 1.966880e+00
[14] CompTimer: 2.346430e-01
[17] Timer: 2.651550e+00
[17] CommTimer: 1.842919e+00
[17] CompTimer: 1.925610e-01
[18] Timer: 2.651635e+00
[18] CommTimer: 1.799597e+00
[18] CompTimer: 2.447200e-01
[19] Timer: 2.636201e+00
[19] CommTimer: 1.804983e+00
[19] CompTimer: 2.771310e-01
[21] Timer: 2.646665e+00
[21] CommTimer: 1.861287e+00
[21] CompTimer: 1.853500e-01
[22] Timer: 2.599960e+00
[22] CommTimer: 1.792847e+00
[22] CompTimer: 2.006720e-01
[6] Timer: 2.667579e+00
[6] CommTimer: 1.837935e+00
[6] CompTimer: 2.145860e-01
[7] Timer: 2.667997e+00
[7] CommTimer: 2.110400e+00
[7] CompTimer: 1.738070e-01
[8] Timer: 2.640905e+00
[8] CommTimer: 1.991732e+00
[8] CompTimer: 2.262320e-01
[0] Timer: 2.622056e+00
[0] CommTimer: 1.800129e+00
[0] CompTimer: 2.006710e-01
[5] Timer: 2.660685e+00
[5] CommTimer: 1.846420e+00
[5] CompTimer: 2.209080e-01
[13] Timer: 2.655124e+00
[13] CommTimer: 2.079089e+00
[13] CompTimer: 2.040250e-01
[15] Timer: 2.641801e+00
[15] CommTimer: 2.033155e+00
[15] CompTimer: 2.204060e-01
[16] Timer: 2.646904e+00
[16] CommTimer: 1.849219e+00
[16] CompTimer: 1.794450e-01
[20] Timer: 2.637424e+00
[20] CommTimer: 1.853109e+00
[20] CompTimer: 2.141890e-01
N = 20000
P = 32
Teamsize = 2
[31] Timer: 9.348200e-01
[31] CommTimer: 6.624070e-01
[31] CompTimer: 2.203300e-02
[27] Timer: 9.379330e-01
[27] CommTimer: 4.892770e-01
[27] CompTimer: 1.770250e-01
[7] Timer: 9.485520e-01
[7] CommTimer: 5.056070e-01
[7] CompTimer: 1.974520e-01
[19] Timer: 9.392440e-01
[19] CommTimer: 4.030580e-01
[19] CompTimer: 1.732320e-01
[11] Timer: 9.454950e-01
[11] CommTimer: 4.704150e-01
[11] CompTimer: 2.034840e-01
[23] Timer: 9.527860e-01
[23] CommTimer: 4.946480e-01
[23] CompTimer: 2.126560e-01
[15] Timer: 9.513820e-01
[15] CommTimer: 4.923120e-01
[15] CompTimer: 2.086740e-01
[25] Timer: 9.781570e-01
[25] CommTimer: 5.383840e-01
[25] CompTimer: 1.827740e-01
[3] Timer: 9.923680e-01
[3] CommTimer: 4.040420e-01
[3] CompTimer: 2.253690e-01
[29] Timer: 9.886570e-01
[29] CommTimer: 5.484840e-01
[29] CompTimer: 2.270320e-01
[9] Timer: 9.842070e-01
[9] CommTimer: 5.096510e-01
[9] CompTimer: 2.175920e-01
[17] Timer: 9.912720e-01
[17] CommTimer: 4.396660e-01
[17] CompTimer: 1.918780e-01
[13] Timer: 1.006255e+00
[13] CommTimer: 6.396130e-01
[13] CompTimer: 1.487430e-01
[5] Timer: 1.019850e+00
[5] CommTimer: 4.643140e-01
[5] CompTimer: 1.883480e-01
[21] Timer: 1.016554e+00
[21] CommTimer: 4.322310e-01
[21] CompTimer: 2.240410e-01
[1] Timer: 1.022948e+00
[1] CommTimer: 3.911640e-01
[1] CompTimer: 2.638850e-01
[2] Timer: 1.023289e+00
[2] CommTimer: 4.112180e-01
[2] CompTimer: 2.481850e-01
[4] Timer: 1.023268e+00
[4] CommTimer: 5.323460e-01
[4] CompTimer: 1.160280e-01
[6] Timer: 1.003127e+00
[6] CommTimer: 5.063860e-01
[6] CompTimer: 1.290530e-01
[8] Timer: 9.982690e-01
[8] CommTimer: 6.036350e-01
[8] CompTimer: 1.730430e-01
[10] Timer: 1.019375e+00
[10] CommTimer: 6.342400e-01
[10] CompTimer: 1.533540e-01
[12] Timer: 9.991400e-01
[12] CommTimer: 5.468440e-01
[12] CompTimer: 2.209020e-01
[14] Timer: 1.023186e+00
[14] CommTimer: 5.585240e-01
[14] CompTimer: 2.308810e-01
[18] Timer: 1.006364e+00
[18] CommTimer: 5.133210e-01
[18] CompTimer: 1.322960e-01
[20] Timer: 1.004266e+00
[20] CommTimer: 5.074070e-01
[20] CompTimer: 1.272280e-01
[22] Timer: 1.012530e+00
[22] CommTimer: 4.743550e-01
[22] CompTimer: 1.720760e-01
[16] Timer: 1.015395e+00
[16] CommTimer: 4.685350e-01
[16] CompTimer: 1.781300e-01
[0] Timer: 1.019991e+00
[0] CommTimer: 5.050800e-01
[0] CompTimer: 1.526890e-01
[24] Timer: 1.023106e+00
[24] CommTimer: 5.440700e-01
[24] CompTimer: 2.574910e-01
[26] Timer: 1.023541e+00
[26] CommTimer: 6.307110e-01
[26] CompTimer: 1.611110e-01
[30] Timer: 1.023619e+00
[30] CommTimer: 7.627490e-01
[30] CompTimer: 2.717400e-02
[28] Timer: 1.023281e+00
[28] CommTimer: 5.528820e-01
[28] CompTimer: 2.415880e-01
N = 20000
P = 32
Teamsize = 4
[25] Timer: 8.288690e-01
[25] CommTimer: 4.181810e-01
[25] CompTimer: 2.020080e-01
[29] Timer: 9.733020e-01
[29] CommTimer: 5.622580e-01
[29] CompTimer: 2.027540e-01
[31] Timer: 1.109445e+00
[31] CommTimer: 8.667570e-01
[31] CompTimer: 4.972900e-02
[30] Timer: 1.109982e+00
[30] CommTimer: 8.324400e-01
[30] CompTimer: 5.376100e-02
[26] Timer: 1.136720e+00
[26] CommTimer: 7.556990e-01
[26] CompTimer: 1.638460e-01
[27] Timer: 1.157522e+00
[27] CommTimer: 7.564630e-01
[27] CompTimer: 1.641160e-01
[9] Timer: 1.233500e+00
[9] CommTimer: 4.689020e-01
[9] CompTimer: 5.561760e-01
[17] Timer: 1.326565e+00
[17] CommTimer: 3.392880e-01
[17] CompTimer: 6.993390e-01
[1] Timer: 1.327516e+00
[1] CommTimer: 3.144070e-01
[1] CompTimer: 7.132620e-01
[21] Timer: 1.335544e+00
[21] CommTimer: 4.569030e-01
[21] CompTimer: 5.953730e-01
[13] Timer: 1.325260e+00
[13] CommTimer: 4.002700e-01
[13] CompTimer: 7.168200e-01
[5] Timer: 1.335267e+00
[5] CommTimer: 3.154070e-01
[5] CompTimer: 7.277410e-01
[22] Timer: 1.341365e+00
[22] CommTimer: 3.973670e-01
[22] CompTimer: 6.518890e-01
[23] Timer: 1.340763e+00
[23] CommTimer: 9.802640e-01
[23] CompTimer: 1.668680e-01
[6] Timer: 1.337703e+00
[6] CommTimer: 3.518170e-01
[6] CompTimer: 6.937380e-01
[7] Timer: 1.329624e+00
[7] CommTimer: 6.433660e-01
[7] CompTimer: 4.900640e-01
[2] Timer: 1.334114e+00
[2] CommTimer: 3.150340e-01
[2] CompTimer: 7.040150e-01
[3] Timer: 1.350829e+00
[3] CommTimer: 3.637940e-01
[3] CompTimer: 6.930700e-01
[4] Timer: 1.351605e+00
[4] CommTimer: 6.235070e-01
[4] CompTimer: 4.149290e-01
[14] Timer: 1.353593e+00
[14] CommTimer: 4.209750e-01
[14] CompTimer: 7.089390e-01
[15] Timer: 1.353338e+00
[15] CommTimer: 5.819230e-01
[15] CompTimer: 5.751140e-01
[11] Timer: 1.361192e+00
[11] CommTimer: 4.395740e-01
[11] CompTimer: 6.846980e-01
[10] Timer: 1.328605e+00
[10] CommTimer: 3.749080e-01
[10] CompTimer: 7.364490e-01
[12] Timer: 1.361694e+00
[12] CommTimer: 7.277630e-01
[12] CompTimer: 3.813520e-01
[18] Timer: 1.318241e+00
[18] CommTimer: 4.190390e-01
[18] CompTimer: 5.943680e-01
[19] Timer: 1.329193e+00
[19] CommTimer: 5.821430e-01
[19] CompTimer: 4.531190e-01
[16] Timer: 1.363547e+00
[16] CommTimer: 7.255340e-01
[16] CompTimer: 3.378000e-01
[20] Timer: 1.343694e+00
[20] CommTimer: 3.612590e-01
[20] CompTimer: 6.991890e-01
[0] Timer: 1.330333e+00
[0] CommTimer: 6.341420e-01
[0] CompTimer: 3.750320e-01
[24] Timer: 1.367843e+00
[24] CommTimer: 8.684240e-01
[24] CompTimer: 2.380820e-01
[28] Timer: 1.367761e+00
[28] CommTimer: 9.053500e-01
[28] CompTimer: 2.098450e-01
[8] Timer: 1.372408e+00
[8] CommTimer: 7.051260e-01
[8] CompTimer: 4.058330e-01
