N = 20000
P = 32
Teamsize = 1
[12] Timer: 2.826305e+00
[12] CommTimer: 2.493574e+00
[12] CompTimer: 1.011750e-01
[13] Timer: 2.820097e+00
[13] CommTimer: 2.394772e+00
[13] CompTimer: 1.896890e-01
[14] Timer: 2.846858e+00
[14] CommTimer: 2.510080e+00
[14] CompTimer: 1.234760e-01
[15] Timer: 2.933847e+00
[15] CommTimer: 2.529351e+00
[15] CompTimer: 1.688480e-01
[16] Timer: 2.914453e+00
[16] CommTimer: 2.491125e+00
[16] CompTimer: 1.761900e-01
[23] Timer: 2.891170e+00
[23] CommTimer: 2.497475e+00
[23] CompTimer: 1.511380e-01
[24] Timer: 2.911307e+00
[24] CommTimer: 2.534266e+00
[24] CompTimer: 1.339140e-01
[22] Timer: 2.904811e+00
[22] CommTimer: 2.528291e+00
[22] CompTimer: 1.488200e-01
[30] Timer: 2.914666e+00
[30] CommTimer: 2.595359e+00
[30] CompTimer: 1.120120e-01
[31] Timer: 2.941504e+00
[31] CommTimer: 2.588819e+00
[31] CompTimer: 1.372850e-01
[17] Timer: 2.939620e+00
[17] CommTimer: 2.535407e+00
[17] CompTimer: 1.668160e-01
[21] Timer: 2.908945e+00
[21] CommTimer: 2.469251e+00
[21] CompTimer: 1.975210e-01
[19] Timer: 2.945354e+00
[19] CommTimer: 2.496188e+00
[19] CompTimer: 2.265850e-01
[18] Timer: 2.976927e+00
[18] CommTimer: 2.578457e+00
[18] CompTimer: 1.659120e-01
[20] Timer: 2.943615e+00
[20] CommTimer: 2.604194e+00
[20] CompTimer: 1.056420e-01
[1] Timer: 3.012015e+00
[1] CommTimer: 2.162404e+00
[1] CompTimer: 6.125440e-01
[2] Timer: 3.017397e+00
[2] CommTimer: 2.141954e+00
[2] CompTimer: 6.429540e-01
[3] Timer: 3.017403e+00
[3] CommTimer: 2.248340e+00
[3] CompTimer: 5.465660e-01
[4] Timer: 3.017555e+00
[4] CommTimer: 2.189836e+00
[4] CompTimer: 5.940390e-01
[5] Timer: 3.017534e+00
[5] CommTimer: 2.258610e+00
[5] CompTimer: 5.089280e-01
[11] Timer: 3.018071e+00
[11] CommTimer: 2.262322e+00
[11] CompTimer: 5.332720e-01
[6] Timer: 3.011528e+00
[6] CommTimer: 2.220847e+00
[6] CompTimer: 5.702860e-01
[7] Timer: 3.011991e+00
[7] CommTimer: 2.176946e+00
[7] CompTimer: 5.925950e-01
[8] Timer: 3.013599e+00
[8] CommTimer: 2.213340e+00
[8] CompTimer: 5.571560e-01
[9] Timer: 3.013704e+00
[9] CommTimer: 2.245040e+00
[9] CompTimer: 5.359770e-01
[10] Timer: 3.018096e+00
[10] CommTimer: 2.285884e+00
[10] CompTimer: 5.202360e-01
[28] Timer: 3.773455e+00
[28] CommTimer: 3.406270e+00
[28] CompTimer: 1.539160e-01
[0] Timer: 3.827519e+00
[0] CommTimer: 2.889411e+00
[0] CompTimer: 6.809700e-01
Computing direct matvec...
[25] Timer: 3.813127e+00
[25] CommTimer: 3.442975e+00
[25] CompTimer: 1.315770e-01
[26] Timer: 3.818093e+00
[26] CommTimer: 3.460287e+00
[26] CompTimer: 1.556020e-01
[27] Timer: 3.808411e+00
[27] CommTimer: 3.441290e+00
[27] CompTimer: 1.509110e-01
[29] Timer: 3.788124e+00
[29] CommTimer: 3.395101e+00
[29] CompTimer: 1.585640e-01
Vector  relative error: -nan
Average relative error: nan
Maximum relative error: 0
DirectCompTime: 1.79029
N = 20000
P = 32
Teamsize = 2
[27] Timer: 1.668167e+00
[27] CommTimer: 1.167494e+00
[27] CompTimer: 1.656830e-01
[23] Timer: 1.657568e+00
[23] CommTimer: 1.163934e+00
[23] CompTimer: 1.598940e-01
[25] Timer: 1.680559e+00
[25] CommTimer: 1.242099e+00
[25] CompTimer: 1.114550e-01
[31] Timer: 1.669774e+00
[31] CommTimer: 1.223480e+00
[31] CompTimer: 1.191480e-01
[21] Timer: 1.677066e+00
[21] CommTimer: 1.285946e+00
[21] CompTimer: 1.019750e-01
[15] Timer: 1.691360e+00
[15] CommTimer: 1.167208e+00
[15] CompTimer: 1.879120e-01
[29] Timer: 1.672319e+00
[29] CommTimer: 1.262828e+00
[29] CompTimer: 1.212450e-01
[17] Timer: 1.688216e+00
[17] CommTimer: 1.207740e+00
[17] CompTimer: 1.546440e-01
[19] Timer: 1.693167e+00
[19] CommTimer: 1.250661e+00
[19] CompTimer: 1.172760e-01
[13] Timer: 1.700581e+00
[13] CommTimer: 1.234431e+00
[13] CompTimer: 1.772420e-01
[9] Timer: 1.722135e+00
[9] CommTimer: 1.072566e+00
[9] CompTimer: 3.207200e-01
[11] Timer: 1.726569e+00
[11] CommTimer: 9.747450e-01
[11] CompTimer: 4.168620e-01
[5] Timer: 1.737490e+00
[5] CommTimer: 1.130221e+00
[5] CompTimer: 3.170280e-01
[7] Timer: 1.732894e+00
[7] CommTimer: 1.072981e+00
[7] CompTimer: 3.258520e-01
[1] Timer: 1.742142e+00
[1] CommTimer: 1.045572e+00
[1] CompTimer: 3.703510e-01
[3] Timer: 1.744415e+00
[3] CommTimer: 1.066144e+00
[3] CompTimer: 3.531730e-01
[2] Timer: 1.739953e+00
[2] CommTimer: 1.040695e+00
[2] CompTimer: 3.385730e-01
[4] Timer: 1.753697e+00
[4] CommTimer: 1.110376e+00
[4] CompTimer: 3.480880e-01
[6] Timer: 1.753865e+00
[6] CommTimer: 1.113781e+00
[6] CompTimer: 3.348260e-01
[8] Timer: 1.753727e+00
[8] CommTimer: 1.137849e+00
[8] CompTimer: 2.928550e-01
[10] Timer: 1.749086e+00
[10] CommTimer: 1.115160e+00
[10] CompTimer: 2.824290e-01
[18] Timer: 1.749204e+00
[18] CommTimer: 1.274374e+00
[18] CompTimer: 1.140880e-01
[12] Timer: 1.753712e+00
[12] CommTimer: 1.351842e+00
[12] CompTimer: 1.332600e-01
[14] Timer: 1.719473e+00
[14] CommTimer: 1.275547e+00
[14] CompTimer: 1.455570e-01
[0] Timer: 1.750940e+00
[0] CommTimer: 1.051940e+00
[0] CompTimer: 3.275900e-01
[16] Timer: 1.748551e+00
[16] CommTimer: 1.284542e+00
[16] CompTimer: 9.906600e-02
[20] Timer: 1.738615e+00
[20] CommTimer: 1.326939e+00
[20] CompTimer: 1.236830e-01
[22] Timer: 1.743667e+00
[22] CommTimer: 1.359426e+00
[22] CompTimer: 7.901700e-02
[24] Timer: 1.743543e+00
[24] CommTimer: 1.320719e+00
[24] CompTimer: 1.106320e-01
[26] Timer: 1.740805e+00
[26] CommTimer: 1.319260e+00
[26] CompTimer: 9.138100e-02
[28] Timer: 1.725694e+00
[28] CommTimer: 1.401444e+00
[28] CompTimer: 5.564400e-02
[30] Timer: 1.725820e+00
[30] CommTimer: 1.259734e+00
[30] CompTimer: 1.681460e-01
N = 20000
P = 32
Teamsize = 4
[9] Timer: 9.704570e-01
[9] CommTimer: 5.921500e-01
[9] CompTimer: 1.489370e-01
[1] Timer: 9.827650e-01
[1] CommTimer: 5.813490e-01
[1] CompTimer: 1.586620e-01
[5] Timer: 9.910110e-01
[5] CommTimer: 6.095440e-01
[5] CompTimer: 1.663830e-01
[10] Timer: 9.879570e-01
[10] CommTimer: 5.876910e-01
[10] CompTimer: 1.649730e-01
[11] Timer: 9.878960e-01
[11] CommTimer: 5.999920e-01
[11] CompTimer: 1.686320e-01
[6] Timer: 9.884340e-01
[6] CommTimer: 5.697580e-01
[6] CompTimer: 1.766250e-01
[7] Timer: 9.927630e-01
[7] CommTimer: 5.958800e-01
[7] CompTimer: 1.760830e-01
[3] Timer: 9.884010e-01
[3] CommTimer: 5.787010e-01
[3] CompTimer: 1.849180e-01
[2] Timer: 9.961600e-01
[2] CommTimer: 5.889720e-01
[2] CompTimer: 1.619220e-01
[4] Timer: 9.918720e-01
[4] CommTimer: 5.549510e-01
[4] CompTimer: 1.794950e-01
[8] Timer: 9.914000e-01
[8] CommTimer: 5.589650e-01
[8] CompTimer: 1.751510e-01
[21] Timer: 1.005374e+00
[21] CommTimer: 5.999720e-01
[21] CompTimer: 1.982120e-01
[27] Timer: 1.073729e+00
[27] CommTimer: 6.629500e-01
[27] CompTimer: 1.913820e-01
[26] Timer: 1.078426e+00
[26] CommTimer: 5.541410e-01
[26] CompTimer: 2.800410e-01
[25] Timer: 1.063599e+00
[25] CommTimer: 5.641320e-01
[25] CompTimer: 2.698890e-01
[17] Timer: 1.105420e+00
[17] CommTimer: 5.835950e-01
[17] CompTimer: 2.923620e-01
[19] Timer: 1.107956e+00
[19] CommTimer: 5.786490e-01
[19] CompTimer: 2.978090e-01
[18] Timer: 1.108350e+00
[18] CommTimer: 6.305210e-01
[18] CompTimer: 2.324710e-01
[22] Timer: 1.117040e+00
[22] CommTimer: 5.736580e-01
[22] CompTimer: 3.010890e-01
[23] Timer: 1.106873e+00
[23] CommTimer: 5.964140e-01
[23] CompTimer: 2.894080e-01
[15] Timer: 1.081361e+00
[15] CommTimer: 6.091310e-01
[15] CompTimer: 2.499210e-01
[29] Timer: 1.112006e+00
[29] CommTimer: 6.244320e-01
[29] CompTimer: 2.947440e-01
[13] Timer: 1.117146e+00
[13] CommTimer: 7.021090e-01
[13] CompTimer: 2.134290e-01
[14] Timer: 1.131667e+00
[14] CommTimer: 6.055720e-01
[14] CompTimer: 2.951330e-01
[30] Timer: 1.132211e+00
[30] CommTimer: 5.982350e-01
[30] CompTimer: 2.994780e-01
[31] Timer: 1.128652e+00
[31] CommTimer: 5.925060e-01
[31] CompTimer: 3.164900e-01
[0] Timer: 1.132111e+00
[0] CommTimer: 6.464560e-01
[0] CompTimer: 2.228590e-01
[12] Timer: 1.123887e+00
[12] CommTimer: 6.852630e-01
[12] CompTimer: 1.813340e-01
[16] Timer: 1.113373e+00
[16] CommTimer: 7.153190e-01
[16] CompTimer: 1.381620e-01
[20] Timer: 1.123647e+00
[20] CommTimer: 7.193570e-01
[20] CompTimer: 1.467520e-01
[24] Timer: 1.134027e+00
[24] CommTimer: 7.760740e-01
[24] CompTimer: 1.149470e-01
[28] Timer: 1.134646e+00
[28] CommTimer: 5.874990e-01
[28] CompTimer: 2.798000e-01
N = 20000
P = 32
Teamsize = 1
[21] Timer: 2.877002e+00
[21] CommTimer: 2.447080e+00
[21] CompTimer: 2.178540e-01
[23] Timer: 2.898045e+00
[23] CommTimer: 2.516912e+00
[23] CompTimer: 1.632530e-01
[20] Timer: 2.905546e+00
[20] CommTimer: 2.524208e+00
[20] CompTimer: 1.598790e-01
[22] Timer: 2.910242e+00
[22] CommTimer: 2.602784e+00
[22] CompTimer: 1.177590e-01
[25] Timer: 2.911659e+00
[25] CommTimer: 2.538490e+00
[25] CompTimer: 1.860760e-01
[19] Timer: 2.914173e+00
[19] CommTimer: 2.547732e+00
[19] CompTimer: 1.611790e-01
[24] Timer: 2.905340e+00
[24] CommTimer: 2.541215e+00
[24] CompTimer: 1.645460e-01
[26] Timer: 2.912691e+00
[26] CommTimer: 2.589850e+00
[26] CompTimer: 1.566520e-01
[27] Timer: 2.922758e+00
[27] CommTimer: 2.589059e+00
[27] CompTimer: 1.315370e-01
[18] Timer: 2.945422e+00
[18] CommTimer: 2.651818e+00
[18] CompTimer: 1.202790e-01
[17] Timer: 2.959537e+00
[17] CommTimer: 2.579769e+00
[17] CompTimer: 1.489980e-01
[28] Timer: 2.953766e+00
[28] CommTimer: 2.590919e+00
[28] CompTimer: 1.448520e-01
[29] Timer: 2.954686e+00
[29] CommTimer: 2.614739e+00
[29] CompTimer: 1.265860e-01
[30] Timer: 2.941620e+00
[30] CommTimer: 2.602937e+00
[30] CompTimer: 1.568620e-01
[15] Timer: 2.976819e+00
[15] CommTimer: 2.627899e+00
[15] CompTimer: 1.368230e-01
[16] Timer: 2.976399e+00
[16] CommTimer: 2.581844e+00
[16] CompTimer: 1.457640e-01
[12] Timer: 2.984135e+00
[12] CommTimer: 2.550025e+00
[12] CompTimer: 2.160690e-01
[31] Timer: 2.986245e+00
[31] CommTimer: 2.702092e+00
[31] CompTimer: 7.206400e-02
[13] Timer: 3.014353e+00
[13] CommTimer: 2.577244e+00
[13] CompTimer: 2.237020e-01
[14] Timer: 3.014291e+00
[14] CommTimer: 2.698320e+00
[14] CompTimer: 1.341420e-01
[1] Timer: 3.017283e+00
[1] CommTimer: 2.065872e+00
[1] CompTimer: 7.115580e-01
[2] Timer: 3.018986e+00
[2] CommTimer: 2.236507e+00
[2] CompTimer: 5.909140e-01
[4] Timer: 3.032668e+00
[4] CommTimer: 1.989533e+00
[4] CompTimer: 8.129980e-01
[5] Timer: 3.032667e+00
[5] CommTimer: 2.058097e+00
[5] CompTimer: 7.516220e-01
[6] Timer: 3.032002e+00
[6] CommTimer: 2.150087e+00
[6] CompTimer: 6.922060e-01
[7] Timer: 3.044514e+00
[7] CommTimer: 1.969894e+00
[7] CompTimer: 8.535830e-01
[8] Timer: 3.044714e+00
[8] CommTimer: 2.086710e+00
[8] CompTimer: 7.583920e-01
[9] Timer: 3.038556e+00
[9] CommTimer: 2.156994e+00
[9] CompTimer: 6.877380e-01
[10] Timer: 3.039944e+00
[10] CommTimer: 2.132054e+00
[10] CompTimer: 7.342910e-01
[11] Timer: 3.038101e+00
[11] CommTimer: 2.221185e+00
[11] CompTimer: 5.970880e-01
[0] Timer: 3.041021e+00
[0] CommTimer: 2.148204e+00
[0] CompTimer: 6.438910e-01
[3] Timer: 3.040752e+00
[3] CommTimer: 2.134081e+00
[3] CompTimer: 6.944740e-01
N = 20000
P = 32
Teamsize = 2
[23] Timer: 2.176898e+00
[23] CommTimer: 1.332342e+00
[23] CompTimer: 1.465180e-01
[27] Timer: 2.271756e+00
[27] CommTimer: 1.377638e+00
[27] CompTimer: 1.624890e-01
[21] Timer: 2.275903e+00
[21] CommTimer: 1.517753e+00
[21] CompTimer: 9.613700e-02
[31] Timer: 2.329533e+00
[31] CommTimer: 1.446042e+00
[31] CompTimer: 1.634580e-01
[19] Timer: 2.236169e+00
[19] CommTimer: 1.342223e+00
[19] CompTimer: 1.693230e-01
[15] Timer: 2.291747e+00
[15] CommTimer: 1.388483e+00
[15] CompTimer: 1.781040e-01
[25] Timer: 2.341271e+00
[25] CommTimer: 1.456351e+00
[25] CompTimer: 1.568420e-01
[7] Timer: 2.379828e+00
[7] CommTimer: 1.288284e+00
[7] CompTimer: 3.540870e-01
[29] Timer: 2.361373e+00
[29] CommTimer: 1.556375e+00
[29] CompTimer: 1.248720e-01
[11] Timer: 2.387880e+00
[11] CommTimer: 1.301895e+00
[11] CompTimer: 3.413570e-01
[3] Timer: 2.410622e+00
[3] CommTimer: 1.335774e+00
[3] CompTimer: 3.502810e-01
[13] Timer: 2.344572e+00
[13] CommTimer: 1.524464e+00
[13] CompTimer: 1.249810e-01
[17] Timer: 2.415428e+00
[17] CommTimer: 1.511226e+00
[17] CompTimer: 1.470710e-01
[1] Timer: 2.432334e+00
[1] CommTimer: 1.362570e+00
[1] CompTimer: 3.019760e-01
[2] Timer: 2.436943e+00
[2] CommTimer: 1.370669e+00
[2] CompTimer: 3.464930e-01
[9] Timer: 2.436983e+00
[9] CommTimer: 1.369215e+00
[9] CompTimer: 3.121590e-01
[8] Timer: 2.447672e+00
[8] CommTimer: 1.382007e+00
[8] CompTimer: 3.239840e-01
[10] Timer: 2.452652e+00
[10] CommTimer: 1.436741e+00
[10] CompTimer: 2.961280e-01
[4] Timer: 2.452678e+00
[4] CommTimer: 1.419450e+00
[4] CompTimer: 2.835890e-01
[5] Timer: 2.452678e+00
[5] CommTimer: 1.381556e+00
[5] CompTimer: 3.760930e-01
[6] Timer: 2.447137e+00
[6] CommTimer: 1.427609e+00
[6] CompTimer: 2.367430e-01
[0] Timer: 2.449716e+00
[0] CommTimer: 1.428038e+00
[0] CompTimer: 2.586600e-01
[18] Timer: 2.412996e+00
[18] CommTimer: 1.543875e+00
[18] CompTimer: 1.938040e-01
[20] Timer: 2.448215e+00
[20] CommTimer: 1.572806e+00
[20] CompTimer: 1.422810e-01
[12] Timer: 2.452507e+00
[12] CommTimer: 1.659593e+00
[12] CompTimer: 1.337770e-01
[14] Timer: 2.443097e+00
[14] CommTimer: 1.538181e+00
[14] CompTimer: 1.977290e-01
[16] Timer: 2.369349e+00
[16] CommTimer: 1.493984e+00
[16] CompTimer: 1.371970e-01
[22] Timer: 2.438195e+00
[22] CommTimer: 1.562930e+00
[22] CompTimer: 1.620340e-01
[24] Timer: 2.408335e+00
[24] CommTimer: 1.581865e+00
[24] CompTimer: 1.153460e-01
[30] Timer: 2.443654e+00
[30] CommTimer: 1.649961e+00
[30] CompTimer: 1.158120e-01
[26] Timer: 2.423459e+00
[26] CommTimer: 1.615829e+00
[26] CompTimer: 1.264550e-01
[28] Timer: 2.448347e+00
[28] CommTimer: 1.638260e+00
[28] CompTimer: 1.839010e-01
N = 20000
P = 32
Teamsize = 4
[1] Timer: 1.050782e+00
[1] CommTimer: 6.322870e-01
[1] CompTimer: 1.495100e-01
[2] Timer: 1.077368e+00
[2] CommTimer: 5.875070e-01
[2] CompTimer: 2.026370e-01
[3] Timer: 1.072766e+00
[3] CommTimer: 6.015120e-01
[3] CompTimer: 2.152820e-01
[6] Timer: 1.079416e+00
[6] CommTimer: 6.362410e-01
[6] CompTimer: 1.777220e-01
[7] Timer: 1.073587e+00
[7] CommTimer: 6.511830e-01
[7] CompTimer: 1.724510e-01
[10] Timer: 1.090045e+00
[10] CommTimer: 6.347490e-01
[10] CompTimer: 1.729600e-01
[11] Timer: 1.094591e+00
[11] CommTimer: 6.310260e-01
[11] CompTimer: 1.985460e-01
[5] Timer: 1.104822e+00
[5] CommTimer: 6.395250e-01
[5] CompTimer: 2.165330e-01
[4] Timer: 1.104860e+00
[4] CommTimer: 6.348740e-01
[4] CompTimer: 2.440900e-01
[8] Timer: 1.124535e+00
[8] CommTimer: 6.477970e-01
[8] CompTimer: 2.586880e-01
[9] Timer: 1.124441e+00
[9] CommTimer: 6.259130e-01
[9] CompTimer: 2.241070e-01
[19] Timer: 1.190843e+00
[19] CommTimer: 5.141070e-01
[19] CompTimer: 4.206680e-01
[18] Timer: 1.200334e+00
[18] CommTimer: 4.855590e-01
[18] CompTimer: 4.274970e-01
[23] Timer: 1.192529e+00
[23] CommTimer: 5.188350e-01
[23] CompTimer: 4.236670e-01
[31] Timer: 1.202328e+00
[31] CommTimer: 5.363490e-01
[31] CompTimer: 4.234820e-01
[22] Timer: 1.187287e+00
[22] CommTimer: 4.970780e-01
[22] CompTimer: 4.247960e-01
[21] Timer: 1.208696e+00
[21] CommTimer: 5.324400e-01
[21] CompTimer: 4.320630e-01
[26] Timer: 1.190745e+00
[26] CommTimer: 4.904750e-01
[26] CompTimer: 4.193980e-01
[27] Timer: 1.198746e+00
[27] CommTimer: 6.227000e-01
[27] CompTimer: 3.110150e-01
[17] Timer: 1.214805e+00
[17] CommTimer: 5.050640e-01
[17] CompTimer: 4.407090e-01
[25] Timer: 1.211235e+00
[25] CommTimer: 5.126200e-01
[25] CompTimer: 4.413130e-01
[15] Timer: 1.227429e+00
[15] CommTimer: 6.682010e-01
[15] CompTimer: 3.109610e-01
[13] Timer: 1.237732e+00
[13] CommTimer: 6.955660e-01
[13] CompTimer: 2.898760e-01
[14] Timer: 1.238055e+00
[14] CommTimer: 5.411520e-01
[14] CompTimer: 4.236110e-01
[12] Timer: 1.228488e+00
[12] CommTimer: 9.606200e-01
[12] CompTimer: 5.054300e-02
[16] Timer: 1.238764e+00
[16] CommTimer: 6.734340e-01
[16] CompTimer: 2.667030e-01
[20] Timer: 1.232836e+00
[20] CommTimer: 7.349860e-01
[20] CompTimer: 2.639790e-01
[24] Timer: 1.221339e+00
[24] CommTimer: 7.196660e-01
[24] CompTimer: 2.847320e-01
[30] Timer: 1.231905e+00
[30] CommTimer: 5.698160e-01
[30] CompTimer: 4.007480e-01
[29] Timer: 1.234929e+00
[29] CommTimer: 5.842380e-01
[29] CompTimer: 4.034140e-01
[0] Timer: 1.236670e+00
[0] CommTimer: 6.566780e-01
[0] CompTimer: 2.781160e-01
[28] Timer: 1.216156e+00
[28] CommTimer: 5.877240e-01
[28] CompTimer: 4.108360e-01
