N = 20000
P = 32
Teamsize = 1
[30] Timer: 2.426442e+00
[30] CommTimer: 2.024357e+00
[30] CompTimer: 4.189800e-02
[31] Timer: 2.426588e+00
[31] CommTimer: 2.008337e+00
[31] CompTimer: 4.157100e-02
[29] Timer: 2.433458e+00
[29] CommTimer: 1.773041e+00
[29] CompTimer: 2.179880e-01
[1] Timer: 2.401925e+00
[1] CommTimer: 1.588615e+00
[1] CompTimer: 2.254080e-01
[2] Timer: 2.386164e+00
[2] CommTimer: 1.623284e+00
[2] CompTimer: 2.078840e-01
[3] Timer: 2.443784e+00
[3] CommTimer: 1.687035e+00
[3] CompTimer: 2.092970e-01
[4] Timer: 2.425580e+00
[4] CommTimer: 1.612878e+00
[4] CompTimer: 2.187360e-01
[5] Timer: 2.458117e+00
[5] CommTimer: 1.676665e+00
[5] CompTimer: 1.839930e-01
[28] Timer: 2.459591e+00
[28] CommTimer: 1.777052e+00
[28] CompTimer: 2.554740e-01
[6] Timer: 2.469434e+00
[6] CommTimer: 1.712672e+00
[6] CompTimer: 2.002310e-01
[7] Timer: 2.461783e+00
[7] CommTimer: 1.880020e+00
[7] CompTimer: 1.284270e-01
[26] Timer: 2.469113e+00
[26] CommTimer: 1.797702e+00
[26] CompTimer: 2.498430e-01
[27] Timer: 2.471212e+00
[27] CommTimer: 1.760222e+00
[27] CompTimer: 2.901030e-01
[8] Timer: 2.446476e+00
[8] CommTimer: 1.858519e+00
[8] CompTimer: 1.819310e-01
[9] Timer: 2.441410e+00
[9] CommTimer: 1.823830e+00
[9] CompTimer: 1.787510e-01
[10] Timer: 2.460486e+00
[10] CommTimer: 1.908853e+00
[10] CompTimer: 1.300040e-01
[11] Timer: 2.466480e+00
[11] CommTimer: 1.877641e+00
[11] CompTimer: 1.680180e-01
[13] Timer: 2.456677e+00
[13] CommTimer: 1.839553e+00
[13] CompTimer: 1.746660e-01
[14] Timer: 2.466478e+00
[14] CommTimer: 1.916475e+00
[14] CompTimer: 1.598050e-01
[15] Timer: 2.461596e+00
[15] CommTimer: 1.913810e+00
[15] CompTimer: 1.696710e-01
[12] Timer: 2.431618e+00
[12] CommTimer: 1.850859e+00
[12] CompTimer: 1.537550e-01
[16] Timer: 2.425693e+00
[16] CommTimer: 1.741029e+00
[16] CompTimer: 1.165240e-01
[17] Timer: 2.426663e+00
[17] CommTimer: 1.643555e+00
[17] CompTimer: 2.050910e-01
[18] Timer: 2.451663e+00
[18] CommTimer: 1.620662e+00
[18] CompTimer: 2.848010e-01
[19] Timer: 2.456747e+00
[19] CommTimer: 1.746003e+00
[19] CompTimer: 1.667670e-01
[20] Timer: 2.431689e+00
[20] CommTimer: 1.623961e+00
[20] CompTimer: 2.106660e-01
[21] Timer: 2.438020e+00
[21] CommTimer: 1.745054e+00
[21] CompTimer: 1.266330e-01
[25] Timer: 2.475541e+00
[25] CommTimer: 1.652725e+00
[25] CompTimer: 3.927110e-01
[22] Timer: 2.463305e+00
[22] CommTimer: 1.688636e+00
[22] CompTimer: 2.322620e-01
[23] Timer: 2.502207e+00
[23] CommTimer: 1.754830e+00
[23] CompTimer: 2.990260e-01
[0] Timer: 2.471647e+00
[0] CommTimer: 1.716566e+00
[0] CompTimer: 1.708940e-01
Computing direct matvec...
[24] Timer: 2.503871e+00
[24] CommTimer: 1.771900e+00
[24] CompTimer: 3.257290e-01
Vector  relative error: -nan
Average relative error: nan
Maximum relative error: 0
DirectCompTime: 1.75716
N = 20000
P = 32
Teamsize = 2
[21] Timer: 1.616368e+00
[21] CommTimer: 7.405420e-01
[21] CompTimer: 3.374990e-01
[17] Timer: 1.623484e+00
[17] CommTimer: 8.028520e-01
[17] CompTimer: 2.701230e-01
[1] Timer: 1.642098e+00
[1] CommTimer: 8.087520e-01
[1] CompTimer: 2.579140e-01
[9] Timer: 1.604955e+00
[9] CommTimer: 9.569940e-01
[9] CompTimer: 2.635200e-01
[5] Timer: 1.648475e+00
[5] CommTimer: 7.524850e-01
[5] CompTimer: 3.551500e-01
[13] Timer: 1.636518e+00
[13] CommTimer: 9.502030e-01
[13] CompTimer: 2.847460e-01
[25] Timer: 1.655175e+00
[25] CommTimer: 1.024269e+00
[25] CompTimer: 2.465210e-01
[31] Timer: 1.657205e+00
[31] CommTimer: 1.299097e+00
[31] CompTimer: 2.093700e-02
[29] Timer: 1.665446e+00
[29] CommTimer: 1.032035e+00
[29] CompTimer: 2.323200e-01
[15] Timer: 1.607079e+00
[15] CommTimer: 9.354290e-01
[15] CompTimer: 3.223630e-01
[19] Timer: 1.613698e+00
[19] CommTimer: 8.312400e-01
[19] CompTimer: 2.400900e-01
[23] Timer: 1.681571e+00
[23] CommTimer: 1.020698e+00
[23] CompTimer: 2.658040e-01
[11] Timer: 1.666212e+00
[11] CommTimer: 9.655050e-01
[11] CompTimer: 3.415040e-01
[4] Timer: 1.674237e+00
[4] CommTimer: 8.781240e-01
[4] CompTimer: 2.539360e-01
[3] Timer: 1.679196e+00
[3] CommTimer: 7.055030e-01
[3] CompTimer: 4.244810e-01
[2] Timer: 1.691246e+00
[2] CommTimer: 8.753640e-01
[2] CompTimer: 2.786390e-01
[7] Timer: 1.619269e+00
[7] CommTimer: 8.434480e-01
[7] CompTimer: 3.807970e-01
[6] Timer: 1.692215e+00
[6] CommTimer: 7.853380e-01
[6] CompTimer: 3.756150e-01
[8] Timer: 1.655486e+00
[8] CommTimer: 1.008020e+00
[8] CompTimer: 2.695580e-01
[10] Timer: 1.680465e+00
[10] CommTimer: 1.038984e+00
[10] CompTimer: 3.367170e-01
[12] Timer: 1.665529e+00
[12] CommTimer: 9.648610e-01
[12] CompTimer: 3.052350e-01
[14] Timer: 1.660725e+00
[14] CommTimer: 8.933930e-01
[14] CompTimer: 4.143030e-01
[16] Timer: 1.670761e+00
[16] CommTimer: 8.173590e-01
[16] CompTimer: 3.131150e-01
[20] Timer: 1.665863e+00
[20] CommTimer: 7.857960e-01
[20] CompTimer: 3.423330e-01
[22] Timer: 1.661942e+00
[22] CommTimer: 7.315210e-01
[22] CompTimer: 3.991860e-01
[18] Timer: 1.665848e+00
[18] CommTimer: 7.669340e-01
[18] CompTimer: 3.529060e-01
[24] Timer: 1.677284e+00
[24] CommTimer: 9.703360e-01
[24] CompTimer: 3.296550e-01
[0] Timer: 1.633795e+00
[0] CommTimer: 8.267490e-01
[0] CompTimer: 2.448830e-01
[26] Timer: 1.695581e+00
[26] CommTimer: 1.162990e+00
[26] CompTimer: 2.277480e-01
[30] Timer: 1.695683e+00
[30] CommTimer: 1.334296e+00
[30] CompTimer: 2.159900e-02
[27] Timer: 1.695078e+00
[27] CommTimer: 1.154053e+00
[27] CompTimer: 1.852330e-01
[28] Timer: 1.695699e+00
[28] CommTimer: 1.094192e+00
[28] CompTimer: 2.147500e-01
N = 20000
P = 32
Teamsize = 4
[31] Timer: 1.413450e+00
[31] CommTimer: 1.025531e+00
[31] CompTimer: 3.169400e-02
[30] Timer: 1.413864e+00
[30] CommTimer: 1.015447e+00
[30] CompTimer: 4.317200e-02
[29] Timer: 1.463338e+00
[29] CommTimer: 9.794080e-01
[29] CompTimer: 1.391130e-01
[26] Timer: 1.479997e+00
[26] CommTimer: 1.032426e+00
[26] CompTimer: 1.373030e-01
[27] Timer: 1.470281e+00
[27] CommTimer: 9.874980e-01
[27] CompTimer: 1.818700e-01
[25] Timer: 1.495973e+00
[25] CommTimer: 9.519700e-01
[25] CompTimer: 1.473220e-01
[5] Timer: 1.649899e+00
[5] CommTimer: 8.323820e-01
[5] CompTimer: 3.581940e-01
[17] Timer: 1.707625e+00
[17] CommTimer: 5.856670e-01
[17] CompTimer: 6.520610e-01
[14] Timer: 1.689009e+00
[14] CommTimer: 7.239700e-01
[14] CompTimer: 6.097740e-01
[15] Timer: 1.692936e+00
[15] CommTimer: 6.769390e-01
[15] CompTimer: 6.596770e-01
[21] Timer: 1.699897e+00
[21] CommTimer: 6.392380e-01
[21] CompTimer: 6.052510e-01
[1] Timer: 1.712500e+00
[1] CommTimer: 8.782840e-01
[1] CompTimer: 3.648970e-01
[11] Timer: 1.678031e+00
[11] CommTimer: 7.031750e-01
[11] CompTimer: 6.558930e-01
[2] Timer: 1.695662e+00
[2] CommTimer: 5.878790e-01
[2] CompTimer: 6.497290e-01
[3] Timer: 1.705527e+00
[3] CommTimer: 6.683680e-01
[3] CompTimer: 5.834750e-01
[10] Timer: 1.683651e+00
[10] CommTimer: 7.095330e-01
[10] CompTimer: 6.641940e-01
[7] Timer: 1.708753e+00
[7] CommTimer: 6.822100e-01
[7] CompTimer: 6.665340e-01
[6] Timer: 1.718998e+00
[6] CommTimer: 5.921330e-01
[6] CompTimer: 6.715810e-01
[4] Timer: 1.715078e+00
[4] CommTimer: 8.147490e-01
[4] CompTimer: 4.260490e-01
[22] Timer: 1.709132e+00
[22] CommTimer: 5.844890e-01
[22] CompTimer: 6.702210e-01
[23] Timer: 1.720164e+00
[23] CommTimer: 1.231236e+00
[23] CompTimer: 1.289560e-01
[18] Timer: 1.722839e+00
[18] CommTimer: 5.929410e-01
[18] CompTimer: 6.707380e-01
[19] Timer: 1.698584e+00
[19] CommTimer: 5.943460e-01
[19] CompTimer: 6.516240e-01
[13] Timer: 1.719320e+00
[13] CommTimer: 6.956620e-01
[13] CompTimer: 6.609130e-01
[9] Timer: 1.718812e+00
[9] CommTimer: 6.634590e-01
[9] CompTimer: 6.622240e-01
[8] Timer: 1.720349e+00
[8] CommTimer: 9.676480e-01
[8] CompTimer: 4.065050e-01
[12] Timer: 1.719527e+00
[12] CommTimer: 9.782550e-01
[12] CompTimer: 3.895730e-01
[16] Timer: 1.685600e+00
[16] CommTimer: 7.176560e-01
[16] CompTimer: 4.829470e-01
[20] Timer: 1.690369e+00
[20] CommTimer: 7.639440e-01
[20] CompTimer: 4.677300e-01
[0] Timer: 1.707973e+00
[0] CommTimer: 7.799300e-01
[0] CompTimer: 4.469270e-01
[28] Timer: 1.725484e+00
[28] CommTimer: 1.162021e+00
[28] CompTimer: 2.136610e-01
[24] Timer: 1.725613e+00
[24] CommTimer: 1.173382e+00
[24] CompTimer: 2.060080e-01
N = 20000
P = 32
Teamsize = 1
[1] Timer: 2.810947e+00
[1] CommTimer: 1.936681e+00
[1] CompTimer: 2.760940e-01
[2] Timer: 2.790726e+00
[2] CommTimer: 1.963989e+00
[2] CompTimer: 2.331610e-01
[3] Timer: 2.810847e+00
[3] CommTimer: 2.051044e+00
[3] CompTimer: 1.576200e-01
[4] Timer: 2.805399e+00
[4] CommTimer: 2.000174e+00
[4] CompTimer: 1.991900e-01
[5] Timer: 2.799707e+00
[5] CommTimer: 1.981811e+00
[5] CompTimer: 2.128080e-01
[6] Timer: 2.781548e+00
[6] CommTimer: 2.000171e+00
[6] CompTimer: 2.020490e-01
[7] Timer: 2.806414e+00
[7] CommTimer: 2.164227e+00
[7] CompTimer: 2.397060e-01
[8] Timer: 2.801668e+00
[8] CommTimer: 2.197930e+00
[8] CompTimer: 1.869960e-01
[9] Timer: 2.799044e+00
[9] CommTimer: 2.174335e+00
[9] CompTimer: 2.120090e-01
[10] Timer: 2.795179e+00
[10] CommTimer: 2.108790e+00
[10] CompTimer: 2.918410e-01
[11] Timer: 2.789125e+00
[11] CommTimer: 2.131338e+00
[11] CompTimer: 2.104530e-01
[12] Timer: 2.799689e+00
[12] CommTimer: 2.139785e+00
[12] CompTimer: 2.201640e-01
[13] Timer: 2.797174e+00
[13] CommTimer: 2.076593e+00
[13] CompTimer: 2.460230e-01
[14] Timer: 2.793320e+00
[14] CommTimer: 2.094110e+00
[14] CompTimer: 3.121350e-01
[30] Timer: 2.817605e+00
[30] CommTimer: 2.397978e+00
[30] CompTimer: 3.859200e-02
[31] Timer: 2.817722e+00
[31] CommTimer: 2.378313e+00
[31] CompTimer: 3.725900e-02
[15] Timer: 2.819088e+00
[15] CommTimer: 2.176639e+00
[15] CompTimer: 2.402080e-01
[16] Timer: 2.816890e+00
[16] CommTimer: 1.958716e+00
[16] CompTimer: 2.587510e-01
[17] Timer: 2.811363e+00
[17] CommTimer: 2.054928e+00
[17] CompTimer: 1.452560e-01
[18] Timer: 2.805276e+00
[18] CommTimer: 1.938723e+00
[18] CompTimer: 2.708560e-01
[19] Timer: 2.847578e+00
[19] CommTimer: 2.047746e+00
[19] CompTimer: 2.167720e-01
[20] Timer: 2.866143e+00
[20] CommTimer: 2.062825e+00
[20] CompTimer: 2.014570e-01
[28] Timer: 2.906362e+00
[28] CommTimer: 2.201311e+00
[28] CompTimer: 2.652900e-01
[21] Timer: 2.904310e+00
[21] CommTimer: 2.080268e+00
[21] CompTimer: 2.209330e-01
[22] Timer: 2.895557e+00
[22] CommTimer: 2.090689e+00
[22] CompTimer: 2.218710e-01
[23] Timer: 2.913504e+00
[23] CommTimer: 2.121244e+00
[23] CompTimer: 3.898510e-01
[29] Timer: 2.918867e+00
[29] CommTimer: 2.104209e+00
[29] CompTimer: 3.400360e-01
[24] Timer: 2.934110e+00
[24] CommTimer: 2.114511e+00
[24] CompTimer: 4.077910e-01
[27] Timer: 2.963316e+00
[27] CommTimer: 2.130792e+00
[27] CompTimer: 3.851810e-01
[26] Timer: 2.965318e+00
[26] CommTimer: 2.308094e+00
[26] CompTimer: 2.625580e-01
[0] Timer: 2.969329e+00
[0] CommTimer: 2.163590e+00
[0] CompTimer: 1.934520e-01
[25] Timer: 2.976148e+00
[25] CommTimer: 2.192333e+00
[25] CompTimer: 3.711080e-01
N = 20000
P = 32
Teamsize = 2
[31] Timer: 1.682288e+00
[31] CommTimer: 1.258169e+00
[31] CompTimer: 2.402900e-02
[19] Timer: 1.634434e+00
[19] CommTimer: 7.215240e-01
[19] CompTimer: 3.542760e-01
[23] Timer: 1.692203e+00
[23] CommTimer: 1.048174e+00
[23] CompTimer: 2.143620e-01
[17] Timer: 1.664847e+00
[17] CommTimer: 7.802080e-01
[17] CompTimer: 3.410030e-01
[27] Timer: 1.700851e+00
[27] CommTimer: 1.043204e+00
[27] CompTimer: 2.691490e-01
[1] Timer: 1.702526e+00
[1] CommTimer: 8.247300e-01
[1] CompTimer: 3.066790e-01
[9] Timer: 1.692281e+00
[9] CommTimer: 8.645830e-01
[9] CompTimer: 4.459870e-01
[13] Timer: 1.691103e+00
[13] CommTimer: 9.092460e-01
[13] CompTimer: 3.774920e-01
[25] Timer: 1.708689e+00
[25] CommTimer: 1.138341e+00
[25] CompTimer: 2.033710e-01
[29] Timer: 1.709546e+00
[29] CommTimer: 1.087126e+00
[29] CompTimer: 2.181190e-01
[2] Timer: 1.711766e+00
[2] CommTimer: 8.017180e-01
[2] CompTimer: 3.340440e-01
[3] Timer: 1.711815e+00
[3] CommTimer: 8.357570e-01
[3] CompTimer: 2.720920e-01
[11] Timer: 1.701673e+00
[11] CommTimer: 8.814650e-01
[11] CompTimer: 4.268550e-01
[4] Timer: 1.704321e+00
[4] CommTimer: 7.775990e-01
[4] CompTimer: 3.667640e-01
[5] Timer: 1.697588e+00
[5] CommTimer: 7.769450e-01
[5] CompTimer: 3.422050e-01
[21] Timer: 1.653904e+00
[21] CommTimer: 7.246300e-01
[21] CompTimer: 3.808700e-01
[6] Timer: 1.707545e+00
[6] CommTimer: 8.732280e-01
[6] CompTimer: 2.537370e-01
[7] Timer: 1.708148e+00
[7] CommTimer: 8.550230e-01
[7] CompTimer: 4.223310e-01
[8] Timer: 1.707212e+00
[8] CommTimer: 9.312750e-01
[8] CompTimer: 3.791810e-01
[10] Timer: 1.705664e+00
[10] CommTimer: 1.029423e+00
[10] CompTimer: 2.993520e-01
[12] Timer: 1.693778e+00
[12] CommTimer: 9.548880e-01
[12] CompTimer: 3.082640e-01
[14] Timer: 1.648154e+00
[14] CommTimer: 9.413600e-01
[14] CompTimer: 2.932100e-01
[15] Timer: 1.700765e+00
[15] CommTimer: 9.255130e-01
[15] CompTimer: 3.752530e-01
[16] Timer: 1.699846e+00
[16] CommTimer: 7.974060e-01
[16] CompTimer: 3.579840e-01
[18] Timer: 1.678181e+00
[18] CommTimer: 7.252290e-01
[18] CompTimer: 4.091940e-01
[20] Timer: 1.668006e+00
[20] CommTimer: 7.619350e-01
[20] CompTimer: 3.775430e-01
[22] Timer: 1.658083e+00
[22] CommTimer: 6.965160e-01
[22] CompTimer: 4.309550e-01
[0] Timer: 1.715975e+00
[0] CommTimer: 8.007890e-01
[0] CompTimer: 3.568530e-01
[30] Timer: 1.720031e+00
[30] CommTimer: 1.272752e+00
[30] CompTimer: 3.364400e-02
[24] Timer: 1.719448e+00
[24] CommTimer: 1.127491e+00
[24] CompTimer: 1.950800e-01
[26] Timer: 1.711798e+00
[26] CommTimer: 1.095490e+00
[26] CompTimer: 2.360180e-01
[28] Timer: 1.719581e+00
[28] CommTimer: 1.053111e+00
[28] CompTimer: 2.357830e-01
N = 20000
P = 32
Teamsize = 4
[31] Timer: 9.607500e-01
[31] CommTimer: 6.367400e-01
[31] CompTimer: 4.173700e-02
[30] Timer: 9.611700e-01
[30] CommTimer: 5.793150e-01
[30] CompTimer: 3.780600e-02
[26] Timer: 1.009564e+00
[26] CommTimer: 5.853010e-01
[26] CompTimer: 1.375290e-01
[27] Timer: 1.009670e+00
[27] CommTimer: 5.717170e-01
[27] CompTimer: 1.046320e-01
[25] Timer: 1.026241e+00
[25] CommTimer: 5.694410e-01
[25] CompTimer: 1.608870e-01
[29] Timer: 1.041708e+00
[29] CommTimer: 5.601080e-01
[29] CompTimer: 1.727810e-01
[21] Timer: 1.285985e+00
[21] CommTimer: 2.280830e-01
[21] CompTimer: 6.950950e-01
[1] Timer: 1.319109e+00
[1] CommTimer: 2.155630e-01
[1] CompTimer: 7.115380e-01
[9] Timer: 1.308694e+00
[9] CommTimer: 2.955060e-01
[9] CompTimer: 7.172220e-01
[13] Timer: 1.327980e+00
[13] CommTimer: 3.164450e-01
[13] CompTimer: 7.027290e-01
[19] Timer: 1.325405e+00
[19] CommTimer: 3.052090e-01
[19] CompTimer: 6.330960e-01
[18] Timer: 1.336834e+00
[18] CommTimer: 2.654040e-01
[18] CompTimer: 6.868500e-01
[10] Timer: 1.329550e+00
[10] CommTimer: 3.484790e-01
[10] CompTimer: 6.943350e-01
[11] Timer: 1.338985e+00
[11] CommTimer: 2.829800e-01
[11] CompTimer: 7.227380e-01
[17] Timer: 1.333820e+00
[17] CommTimer: 3.052530e-01
[17] CompTimer: 6.239230e-01
[5] Timer: 1.339993e+00
[5] CommTimer: 3.221100e-01
[5] CompTimer: 6.186060e-01
[6] Timer: 1.330510e+00
[6] CommTimer: 2.068900e-01
[6] CompTimer: 7.179840e-01
[7] Timer: 1.336297e+00
[7] CommTimer: 3.318160e-01
[7] CompTimer: 7.133930e-01
[22] Timer: 1.345559e+00
[22] CommTimer: 2.507220e-01
[22] CompTimer: 7.068160e-01
[23] Timer: 1.345482e+00
[23] CommTimer: 8.695680e-01
[23] CompTimer: 1.848560e-01
[2] Timer: 1.341096e+00
[2] CommTimer: 3.209860e-01
[2] CompTimer: 6.354840e-01
[3] Timer: 1.330484e+00
[3] CommTimer: 2.251020e-01
[3] CompTimer: 7.113130e-01
[4] Timer: 1.346979e+00
[4] CommTimer: 2.080310e-01
[4] CompTimer: 7.323650e-01
[8] Timer: 1.346866e+00
[8] CommTimer: 5.728370e-01
[8] CompTimer: 4.406030e-01
[14] Timer: 1.353503e+00
[14] CommTimer: 3.715370e-01
[14] CompTimer: 6.380530e-01
[15] Timer: 1.340912e+00
[15] CommTimer: 3.482330e-01
[15] CompTimer: 7.104610e-01
[16] Timer: 1.342777e+00
[16] CommTimer: 5.693170e-01
[16] CompTimer: 3.805150e-01
[20] Timer: 1.342134e+00
[12] Timer: 1.343397e+00
[12] CommTimer: 5.000900e-01
[12] CompTimer: 5.502640e-01
[20] CommTimer: 5.114510e-01
[20] CompTimer: 4.315220e-01
[0] Timer: 1.350363e+00
[0] CommTimer: 6.481690e-01
[0] CompTimer: 3.024830e-01
[28] Timer: 1.354480e+00
[28] CommTimer: 8.697390e-01
[28] CompTimer: 1.975380e-01
[24] Timer: 1.354810e+00
[24] CommTimer: 8.164430e-01
[24] CompTimer: 2.049310e-01
