rm -f *.o *~ */*~
rm -f serial broadcast scatter teamscatter symmetric profile_p2p
rm -f -r .deps
/opt/apps/gcc4_7/mvapich2/1.9/bin/mpic++ -std=c++11 -DP2P_NUM_THREADS=0 -DP2P_DECAY_ITERATOR=0 -fopenmp -O3 -funroll-loops -Wextra -Wno-unused-local-typedefs -MD -MF .deps/teamscatter.d -MP -I. -c -o teamscatter.o teamscatter.cpp
/opt/apps/gcc4_7/mvapich2/1.9/bin/mpic++ -std=c++11 -DP2P_NUM_THREADS=0 -DP2P_DECAY_ITERATOR=0 -fopenmp -O3 -funroll-loops -Wextra -Wno-unused-local-typedefs -o teamscatter teamscatter.o 
TACC: Starting up job 4306097
TACC: Setting up parallel environment for MVAPICH2+mpispawn.
TACC: Starting parallel tasks...
N = 256000
P = 1
Teamsize = 1
TACC: MPI job exited with code: 1
 
TACC: Shutdown complete. Exiting.
TACC: Starting up job 4306078
TACC: Setting up parallel environment for MVAPICH2+mpispawn.
TACC: Starting parallel tasks...
TACC: MPI job exited with code: 1
 
TACC: Shutdown complete. Exiting.
TACC: Starting up job 4306078
TACC: Setting up parallel environment for MVAPICH2+mpispawn.
TACC: Starting parallel tasks...
TACC: MPI job exited with code: 1
 
TACC: Shutdown complete. Exiting.
TACC: Starting up job 4306078
TACC: Setting up parallel environment for MVAPICH2+mpispawn.
TACC: Starting parallel tasks...
TACC: MPI job exited with code: 1
 
TACC: Shutdown complete. Exiting.
TACC: Starting up job 4306078
TACC: Setting up parallel environment for MVAPICH2+mpispawn.
TACC: Starting parallel tasks...
TACC: MPI job exited with code: 1
 
TACC: Shutdown complete. Exiting.
TACC: Starting up job 4306078
TACC: Setting up parallel environment for MVAPICH2+mpispawn.
TACC: Starting parallel tasks...
TACC: MPI job exited with code: 1
 
TACC: Shutdown complete. Exiting.
TACC: Starting up job 4306078
TACC: Setting up parallel environment for MVAPICH2+mpispawn.
TACC: Starting parallel tasks...
TACC: MPI job exited with code: 1
 
TACC: Shutdown complete. Exiting.
TACC: Starting up job 4306078
TACC: Setting up parallel environment for MVAPICH2+mpispawn.
TACC: Starting parallel tasks...
Label	Computation	Split	Shift	Reduce
c=1	2.341347e+02	1.707000e-03	6.599000e-03	7.440000e-04
Rank 0 Total Time: 2.341510e+02
Reading result from data/invsq_n256000_s1337.txt
Vector  relative error: 1.69521e-14
Average relative error: 1.29355e-14
Maximum relative error: 9.02488e-14
 
TACC: Shutdown complete. Exiting.
TACC: Starting up job 4306097
TACC: Setting up parallel environment for MVAPICH2+mpispawn.
TACC: Starting parallel tasks...
N = 256000
P = 2
Teamsize = 1
TACC: MPI job exited with code: 1
 
TACC: Shutdown complete. Exiting.
TACC: Starting up job 4306078
TACC: Setting up parallel environment for MVAPICH2+mpispawn.
TACC: Starting parallel tasks...
TACC: MPI job exited with code: 1
 
TACC: Shutdown complete. Exiting.
TACC: Starting up job 4306078
TACC: Setting up parallel environment for MVAPICH2+mpispawn.
TACC: Starting parallel tasks...
TACC: MPI job exited with code: 1
 
TACC: Shutdown complete. Exiting.
TACC: Starting up job 4306078
TACC: Setting up parallel environment for MVAPICH2+mpispawn.
TACC: Starting parallel tasks...
Label	Computation	Split	Shift	Reduce
c=1	1.803043e+02	1.144650e-02	1.352650e-02	2.034150e-02
Rank 0 Total Time: 1.803435e+02
Reading result from data/invsq_n256000_s1337.txt
Vector  relative error: 1.3316e-14
Average relative error: 9.97682e-15
Maximum relative error: 9.69487e-14
 
TACC: Shutdown complete. Exiting.
TACC: Starting up job 4306097
TACC: Setting up parallel environment for MVAPICH2+mpispawn.
TACC: Starting parallel tasks...
N = 256000
P = 4
Teamsize = 1
TACC: MPI job exited with code: 1
 
TACC: Shutdown complete. Exiting.
TACC: Starting up job 4306078
TACC: Setting up parallel environment for MVAPICH2+mpispawn.
TACC: Starting parallel tasks...
TACC: MPI job exited with code: 1
 
TACC: Shutdown complete. Exiting.
TACC: Starting up job 4306078
TACC: Setting up parallel environment for MVAPICH2+mpispawn.
TACC: Starting parallel tasks...
Label	Computation	Split	Shift	Reduce
c=1	1.059618e+02	1.573725e-02	2.904925e-02	1.070075e-02
Rank 0 Total Time: 1.060045e+02
Reading result from data/invsq_n256000_s1337.txt
Vector  relative error: 1.47985e-14
Average relative error: 1.0916e-14
Maximum relative error: 8.45548e-14
 
TACC: Shutdown complete. Exiting.
TACC: Starting up job 4306097
TACC: Setting up parallel environment for MVAPICH2+mpispawn.
TACC: Starting parallel tasks...
N = 256000
P = 4
Teamsize = 2
TACC: MPI job exited with code: 1
 
TACC: Shutdown complete. Exiting.
TACC: Starting up job 4306078
TACC: Setting up parallel environment for MVAPICH2+mpispawn.
TACC: Starting parallel tasks...
TACC: MPI job exited with code: 1
 
TACC: Shutdown complete. Exiting.
TACC: Starting up job 4306078
TACC: Setting up parallel environment for MVAPICH2+mpispawn.
TACC: Starting parallel tasks...
Label	Computation	Split	Shift	Reduce
c=2	9.067887e+01	1.711375e-02	3.559500e-03	3.162218e+01
Rank 0 Total Time: 1.223147e+02
Reading result from data/invsq_n256000_s1337.txt
Vector  relative error: 1.52902e-14
Average relative error: 1.21965e-14
Maximum relative error: 7.33012e-14
 
TACC: Shutdown complete. Exiting.
TACC: Starting up job 4306097
TACC: Setting up parallel environment for MVAPICH2+mpispawn.
TACC: Starting parallel tasks...
N = 256000
P = 8
Teamsize = 1
Label	Computation	Split	Shift	Reduce
c=1	5.693590e+01	1.937013e-02	3.254700e-02	8.224750e-03
Rank 0 Total Time: 5.697885e+01
Reading result from data/invsq_n256000_s1337.txt
Vector  relative error: 1.52764e-14
Average relative error: 1.14365e-14
Maximum relative error: 8.70215e-14
 
TACC: Shutdown complete. Exiting.
TACC: Starting up job 4306097
TACC: Setting up parallel environment for MVAPICH2+mpispawn.
TACC: Starting parallel tasks...
N = 256000
P = 8
Teamsize = 2
TACC: MPI job exited with code: 1
 
TACC: Shutdown complete. Exiting.
TACC: Starting up job 4306078
TACC: Setting up parallel environment for MVAPICH2+mpispawn.
TACC: Starting parallel tasks...
Label	Computation	Split	Shift	Reduce
c=2	5.340748e+01	1.998787e-02	5.547375e-03	7.883864e+00
Rank 0 Total Time: 6.130929e+01
Reading result from data/invsq_n256000_s1337.txt
Vector  relative error: 1.50403e-14
Average relative error: 1.19776e-14
Maximum relative error: 7.00508e-14
 
TACC: Shutdown complete. Exiting.
TACC: Starting up job 4306097
TACC: Setting up parallel environment for MVAPICH2+mpispawn.
TACC: Starting parallel tasks...
N = 256000
P = 16
Teamsize = 1
Label	Computation	Split	Shift	Reduce
c=1	2.945886e+01	2.022962e-02	2.800013e-02	2.342375e-03
Rank 0 Total Time: 2.949126e+01
Reading result from data/invsq_n256000_s1337.txt
Vector  relative error: 1.5627e-14
Average relative error: 1.18355e-14
Maximum relative error: 8.39665e-14
 
TACC: Shutdown complete. Exiting.
TACC: Starting up job 4306097
TACC: Setting up parallel environment for MVAPICH2+mpispawn.
TACC: Starting parallel tasks...
N = 256000
P = 16
Teamsize = 2
Label	Computation	Split	Shift	Reduce
c=2	2.846977e+01	2.060137e-02	9.183375e-03	1.983821e+00
Rank 0 Total Time: 3.047367e+01
Reading result from data/invsq_n256000_s1337.txt
Vector  relative error: 1.55644e-14
Average relative error: 1.24486e-14
Maximum relative error: 7.22995e-14
 
TACC: Shutdown complete. Exiting.
TACC: Starting up job 4306097
TACC: Setting up parallel environment for MVAPICH2+mpispawn.
TACC: Starting parallel tasks...
N = 256000
P = 16
Teamsize = 4
Label	Computation	Split	Shift	Reduce
c=4	2.663817e+01	2.113900e-02	1.935812e-03	4.004563e+00
Rank 0 Total Time: 3.070454e+01
Reading result from data/invsq_n256000_s1337.txt
Vector  relative error: 1.44845e-14
Average relative error: 1.15714e-14
Maximum relative error: 6.52207e-14
 
TACC: Shutdown complete. Exiting.
TACC: Starting up job 4306097
TACC: Setting up parallel environment for MVAPICH2+mpispawn.
TACC: Starting parallel tasks...
N = 256000
P = 32
Teamsize = 1
TACC: MPI job exited with code: 1
 
TACC: Shutdown complete. Exiting.
TACC: Starting up job 4306078
TACC: Setting up parallel environment for MVAPICH2+mpispawn.
Label	Computation	Split	Shift	Reduce
c=1	1.497701e+01	2.206166e-02	1.745556e-02	2.237719e-03
Rank 0 Total Time: 1.500094e+01
Reading result from data/invsq_n256000_s1337.txt
Vector  relative error: 1.58546e-14
Average relative error: 1.2096e-14
Maximum relative error: 8.3933e-14
 
TACC: Shutdown complete. Exiting.
TACC: Starting parallel tasks...
TACC: Starting up job 4306097
TACC: Setting up parallel environment for MVAPICH2+mpispawn.
TACC: Starting parallel tasks...
N = 256000
P = 32
Teamsize = 2
Label	Computation	Split	Shift	Reduce
c=2	1.473182e+01	2.192213e-02	1.588534e-02	4.934102e-01
Rank 0 Total Time: 1.524668e+01
Reading result from data/invsq_n256000_s1337.txt
Vector  relative error: 1.57333e-14
Average relative error: 1.2572e-14
Maximum relative error: 7.33794e-14
 
TACC: Shutdown complete. Exiting.
TACC: Starting up job 4306097
TACC: Setting up parallel environment for MVAPICH2+mpispawn.
TACC: Starting parallel tasks...
N = 256000
P = 32
Teamsize = 4
Label	Computation	Split	Shift	Reduce
c=4	1.423575e+01	2.153556e-02	2.849594e-03	9.913294e-01
Rank 0 Total Time: 1.523861e+01
Reading result from data/invsq_n256000_s1337.txt
Vector  relative error: 1.45163e-14
Average relative error: 1.15993e-14
Maximum relative error: 6.82899e-14
 
TACC: Shutdown complete. Exiting.
TACC: Starting up job 4306097
TACC: Setting up parallel environment for MVAPICH2+mpispawn.
TACC: Starting parallel tasks...
N = 256000
P = 64
Teamsize = 1
Label	Computation	Split	Shift	Reduce
c=1	7.552761e+00	2.436836e-02	2.502594e-02	5.049062e-04
Rank 0 Total Time: 7.587001e+00
Reading result from data/invsq_n256000_s1337.txt
Vector  relative error: 1.59761e-14
Average relative error: 1.2247e-14
Maximum relative error: 8.31485e-14
 
TACC: Shutdown complete. Exiting.
TACC: Starting up job 4306097
TACC: Setting up parallel environment for MVAPICH2+mpispawn.
TACC: Starting parallel tasks...
N = 256000
P = 64
Teamsize = 2
Label	Computation	Split	Shift	Reduce
c=2	7.489027e+00	2.401752e-02	8.632906e-03	1.248890e-01
Rank 0 Total Time: 7.630467e+00
Reading result from data/invsq_n256000_s1337.txt
Vector  relative error: 1.58012e-14
Average relative error: 1.26128e-14
Maximum relative error: 7.86729e-14
 
TACC: Shutdown complete. Exiting.
TACC: Starting up job 4306097
TACC: Setting up parallel environment for MVAPICH2+mpispawn.
TACC: Starting parallel tasks...
N = 256000
P = 64
Teamsize = 4
Label	Computation	Split	Shift	Reduce
c=4	7.366881e+00	2.258283e-02	4.926313e-03	2.485179e-01
Rank 0 Total Time: 7.627375e+00
Reading result from data/invsq_n256000_s1337.txt
Vector  relative error: 1.44594e-14
Average relative error: 1.15451e-14
Maximum relative error: 7.02849e-14
 
TACC: Shutdown complete. Exiting.
TACC: Starting up job 4306097
TACC: Setting up parallel environment for MVAPICH2+mpispawn.
TACC: Starting parallel tasks...
N = 256000
P = 64
Teamsize = 8
Label	Computation	Split	Shift	Reduce
c=8	7.118167e+00	2.305595e-02	2.890141e-03	4.967758e-01
Rank 0 Total Time: 7.624373e+00
Reading result from data/invsq_n256000_s1337.txt
Vector  relative error: 1.40509e-14
Average relative error: 1.12235e-14
Maximum relative error: 6.5988e-14
 
TACC: Shutdown complete. Exiting.
TACC: Starting up job 4306097
TACC: Setting up parallel environment for MVAPICH2+mpispawn.
TACC: Starting parallel tasks...
N = 256000
P = 128
Teamsize = 1
Label	Computation	Split	Shift	Reduce
c=1	3.792072e+00	6.810609e-02	2.152597e-02	9.485156e-05
Rank 0 Total Time: 3.867998e+00
Reading result from data/invsq_n256000_s1337.txt
Vector  relative error: 1.60406e-14
Average relative error: 1.23271e-14
Maximum relative error: 8.3079e-14
 
TACC: Shutdown complete. Exiting.
TACC: Starting up job 4306097
TACC: Setting up parallel environment for MVAPICH2+mpispawn.
TACC: Starting parallel tasks...
N = 256000
P = 128
Teamsize = 2
Label	Computation	Split	Shift	Reduce
c=2	3.776547e+00	4.561196e-02	1.563106e-02	3.309703e-02
Rank 0 Total Time: 3.856063e+00
Reading result from data/invsq_n256000_s1337.txt
Vector  relative error: 1.5821e-14
Average relative error: 1.26281e-14
Maximum relative error: 7.52047e-14
 
TACC: Shutdown complete. Exiting.
TACC: Starting up job 4306097
TACC: Setting up parallel environment for MVAPICH2+mpispawn.
TACC: Starting parallel tasks...
N = 256000
P = 128
Teamsize = 4
Label	Computation	Split	Shift	Reduce
c=4	3.745141e+00	3.588058e-02	1.118098e-02	6.668529e-02
Rank 0 Total Time: 3.843690e+00
Reading result from data/invsq_n256000_s1337.txt
Vector  relative error: 1.44629e-14
Average relative error: 1.15555e-14
Maximum relative error: 6.7983e-14
 
TACC: Shutdown complete. Exiting.
TACC: Starting up job 4306097
TACC: Setting up parallel environment for MVAPICH2+mpispawn.
TACC: Starting parallel tasks...
N = 256000
P = 128
Teamsize = 8
Label	Computation	Split	Shift	Reduce
c=8	3.682600e+00	2.695874e-02	8.170859e-03	1.257130e-01
Rank 0 Total Time: 3.827514e+00
Reading result from data/invsq_n256000_s1337.txt
Vector  relative error: 1.40722e-14
Average relative error: 1.12288e-14
Maximum relative error: 6.84434e-14
 
TACC: Shutdown complete. Exiting.
TACC: Starting up job 4306097
TACC: Setting up parallel environment for MVAPICH2+mpispawn.
TACC: Starting parallel tasks...
TACC: MPI job exited with code: 1
 
TACC: Shutdown complete. Exiting.
TACC: Starting up job 4306078
TACC: Setting up parallel environment for MVAPICH2+mpispawn.
TACC: Starting parallel tasks...
N = 256000
P = 256
Teamsize = 1
Label	Computation	Split	Shift	Reduce
c=1	1.900232e+00	1.282743e-01	2.917143e-02	3.781250e-05
Rank 0 Total Time: 2.045819e+00
Reading result from data/invsq_n256000_s1337.txt
Vector  relative error: 1.60752e-14
Average relative error: 1.23713e-14
Maximum relative error: 8.3079e-14
 
TACC: Shutdown complete. Exiting.
TACC: Starting up job 4306097
TACC: Setting up parallel environment for MVAPICH2+mpispawn.
TACC: Starting parallel tasks...
N = 256000
P = 256
Teamsize = 2
Label	Computation	Split	Shift	Reduce
c=2	1.896344e+00	7.111552e-02	1.602161e-02	7.476836e-03
Rank 0 Total Time: 1.975194e+00
Reading result from data/invsq_n256000_s1337.txt
Vector  relative error: 1.58225e-14
Average relative error: 1.26304e-14
Maximum relative error: 7.1325e-14
 
TACC: Shutdown complete. Exiting.
TACC: Starting up job 4306097
TACC: Setting up parallel environment for MVAPICH2+mpispawn.
TACC: Starting parallel tasks...
N = 256000
P = 256
Teamsize = 4
Label	Computation	Split	Shift	Reduce
c=4	1.888121e+00	5.016765e-02	1.108209e-02	1.957102e-02
Rank 0 Total Time: 1.957519e+00
Reading result from data/invsq_n256000_s1337.txt
Vector  relative error: 1.44694e-14
Average relative error: 1.15524e-14
Maximum relative error: 6.63532e-14
 
TACC: Shutdown complete. Exiting.
TACC: Starting up job 4306097
TACC: Setting up parallel environment for MVAPICH2+mpispawn.
TACC: Starting parallel tasks...
N = 256000
P = 256
Teamsize = 8
Label	Computation	Split	Shift	Reduce
c=8	1.872535e+00	3.637987e-02	1.000574e-02	3.385528e-02
Rank 0 Total Time: 1.941873e+00
Reading result from data/invsq_n256000_s1337.txt
Vector  relative error: 1.40623e-14
Average relative error: 1.12193e-14
Maximum relative error: 6.62949e-14
 
TACC: Shutdown complete. Exiting.
TACC: Starting up job 4306097
TACC: Setting up parallel environment for MVAPICH2+mpispawn.
TACC: Starting parallel tasks...
N = 256000
P = 256
Teamsize = 16
Label	Computation	Split	Shift	Reduce
c=16	1.841493e+00	2.765135e-02	6.891754e-03	6.592153e-02
Rank 0 Total Time: 1.931518e+00
Reading result from data/invsq_n256000_s1337.txt
Vector  relative error: 1.39262e-14
Average relative error: 1.11186e-14
Maximum relative error: 6.47845e-14
 
TACC: Shutdown complete. Exiting.
TACC: Starting up job 4306097
TACC: Setting up parallel environment for MVAPICH2+mpispawn.
TACC: Starting parallel tasks...
N = 256000
P = 512
Teamsize = 1
Label	Computation	Split	Shift	Reduce
c=1	9.517091e-01	1.886050e-01	3.157931e-02	1.341309e-04
Rank 0 Total Time: 1.163792e+00
Reading result from data/invsq_n256000_s1337.txt
Vector  relative error: 1.60947e-14
Average relative error: 1.23997e-14
Maximum relative error: 8.3079e-14
 
TACC: Shutdown complete. Exiting.
TACC: Starting up job 4306097
TACC: Setting up parallel environment for MVAPICH2+mpispawn.
TACC: Starting parallel tasks...
N = 256000
P = 512
Teamsize = 2
Label	Computation	Split	Shift	Reduce
c=2	9.501815e-01	1.358660e-01	1.127550e-02	1.002213e-03
Rank 0 Total Time: 1.088777e+00
Reading result from data/invsq_n256000_s1337.txt
Vector  relative error: 1.58217e-14
Average relative error: 1.26353e-14
Maximum relative error: 7.64825e-14
 
TACC: Shutdown complete. Exiting.
TACC: Starting up job 4306097
TACC: Setting up parallel environment for MVAPICH2+mpispawn.
TACC: Starting parallel tasks...
N = 256000
P = 512
Teamsize = 4
Label	Computation	Split	Shift	Reduce
c=4	9.480452e-01	7.555280e-02	1.008944e-02	4.675814e-03
Rank 0 Total Time: 1.022501e+00
Reading result from data/invsq_n256000_s1337.txt
Vector  relative error: 1.44641e-14
Average relative error: 1.15576e-14
Maximum relative error: 6.75226e-14
 
TACC: Shutdown complete. Exiting.
TACC: Starting up job 4306097
TACC: Setting up parallel environment for MVAPICH2+mpispawn.
TACC: Starting parallel tasks...
N = 256000
P = 512
Teamsize = 8
Label	Computation	Split	Shift	Reduce
c=8	9.441574e-01	5.313717e-02	1.194171e-02	1.206026e-02
Rank 0 Total Time: 1.012883e+00
Reading result from data/invsq_n256000_s1337.txt
Vector  relative error: 1.40609e-14
Average relative error: 1.12193e-14
Maximum relative error: 6.66018e-14
 
TACC: Shutdown complete. Exiting.
TACC: Starting up job 4306097
TACC: Setting up parallel environment for MVAPICH2+mpispawn.
TACC: Starting parallel tasks...
N = 256000
P = 512
Teamsize = 16
Label	Computation	Split	Shift	Reduce
c=16	9.361857e-01	3.471361e-02	7.698213e-03	1.674621e-02
Rank 0 Total Time: 9.793560e-01
Reading result from data/invsq_n256000_s1337.txt
Vector  relative error: 1.39331e-14
Average relative error: 1.1122e-14
Maximum relative error: 6.47845e-14
 
TACC: Shutdown complete. Exiting.
TACC: Starting up job 4306097
TACC: Setting up parallel environment for MVAPICH2+mpispawn.
TACC: Starting parallel tasks...
N = 256000
P = 1024
Teamsize = 1
Label	Computation	Split	Shift	Reduce
c=1	4.762005e-01	3.341295e-01	6.123426e-02	1.636406e-04
Rank 0 Total Time: 8.768090e-01
Reading result from data/invsq_n256000_s1337.txt
Vector  relative error: 1.61041e-14
Average relative error: 1.24144e-14
Maximum relative error: 8.3079e-14
 
TACC: Shutdown complete. Exiting.
TACC: Starting up job 4306097
TACC: Setting up parallel environment for MVAPICH2+mpispawn.
TACC: Starting parallel tasks...
N = 256000
P = 1024
Teamsize = 2
TACC: MPI job exited with code: 1
 
TACC: Shutdown complete. Exiting.
TACC: Starting up job 4306097
TACC: Setting up parallel environment for MVAPICH2+mpispawn.
TACC: Starting parallel tasks...
N = 256000
P = 1024
Teamsize = 4
Label	Computation	Split	Shift	Reduce
c=4	4.756134e-01	1.380591e-01	3.087934e-02	4.688138e-03
Rank 0 Total Time: 7.000190e-01
Reading result from data/invsq_n256000_s1337.txt
Vector  relative error: 1.44491e-14
Average relative error: 1.15531e-14
Maximum relative error: 6.69087e-14
 
TACC: Shutdown complete. Exiting.
TACC: Starting up job 4306097
TACC: Setting up parallel environment for MVAPICH2+mpispawn.
TACC: Starting parallel tasks...
N = 256000
P = 1024
Teamsize = 8
Label	Computation	Split	Shift	Reduce
c=8	4.740857e-01	7.453451e-02	1.046284e-02	3.357314e-03
Rank 0 Total Time: 5.566120e-01
Reading result from data/invsq_n256000_s1337.txt
Vector  relative error: 1.40584e-14
Average relative error: 1.12191e-14
Maximum relative error: 6.58345e-14
 
TACC: Shutdown complete. Exiting.
TACC: Starting up job 4306097
TACC: Setting up parallel environment for MVAPICH2+mpispawn.
TACC: Starting parallel tasks...
N = 256000
P = 1024
Teamsize = 16
Label	Computation	Split	Shift	Reduce
c=16	4.719938e-01	4.893797e-02	1.071189e-02	6.822443e-03
Rank 0 Total Time: 5.270730e-01
Reading result from data/invsq_n256000_s1337.txt
Vector  relative error: 1.39356e-14
Average relative error: 1.11187e-14
Maximum relative error: 6.44589e-14
 
TACC: Shutdown complete. Exiting.
TACC: Starting up job 4306097
TACC: Setting up parallel environment for MVAPICH2+mpispawn.
TACC: Starting parallel tasks...
N = 256000
P = 1024
Teamsize = 32
Label	Computation	Split	Shift	Reduce
c=32	4.681314e-01	8.214685e-02	6.603522e-02	1.331666e-01
Rank 0 Total Time: 7.356440e-01
Reading result from data/invsq_n256000_s1337.txt
Vector  relative error: 1.38898e-14
Average relative error: 1.10892e-14
Maximum relative error: 6.54356e-14
 
TACC: Shutdown complete. Exiting.
TACC: Starting up job 4306097
TACC: Setting up parallel environment for MVAPICH2+mpispawn.
TACC: Starting parallel tasks...
N = 256000
P = 2048
Teamsize = 1
Label	Computation	Split	Shift	Reduce
c=1	2.379733e-01	7.703613e-02	4.585290e-02	5.925049e-05
Rank 0 Total Time: 3.720000e-01
Reading result from data/invsq_n256000_s1337.txt
Vector  relative error: 1.61088e-14
Average relative error: 1.24225e-14
Maximum relative error: 8.3079e-14
 
TACC: Shutdown complete. Exiting.
TACC: Starting up job 4306097
TACC: Setting up parallel environment for MVAPICH2+mpispawn.
TACC: Starting parallel tasks...
N = 256000
P = 2048
Teamsize = 2
TACC: MPI job exited with code: 1
 
TACC: Shutdown complete. Exiting.
TACC: Starting up job 4306097
TACC: Setting up parallel environment for MVAPICH2+mpispawn.
TACC: Starting parallel tasks...
TACC: MPI job exited with code: 1
 
TACC: Shutdown complete. Exiting.
TACC: Starting up job 4306078
TACC: Setting up parallel environment for MVAPICH2+mpispawn.
TACC: Starting parallel tasks...
N = 256000
P = 2048
Teamsize = 4
Label	Computation	Split	Shift	Reduce
c=4	2.380382e-01	1.829386e-01	1.586713e-02	1.071131e-03
Rank 0 Total Time: 4.301280e-01
Reading result from data/invsq_n256000_s1337.txt
Vector  relative error: 1.446e-14
Average relative error: 1.15526e-14
Maximum relative error: 6.69087e-14
 
TACC: Shutdown complete. Exiting.
TACC: Starting up job 4306097
TACC: Setting up parallel environment for MVAPICH2+mpispawn.
TACC: Starting parallel tasks...
N = 256000
P = 2048
Teamsize = 8
Label	Computation	Split	Shift	Reduce
c=8	2.375530e-01	1.406060e-01	1.117190e-02	1.534814e-03
Rank 0 Total Time: 3.776040e-01
Reading result from data/invsq_n256000_s1337.txt
Vector  relative error: 1.40652e-14
Average relative error: 1.1218e-14
Maximum relative error: 6.69087e-14
 
TACC: Shutdown complete. Exiting.
TACC: Starting up job 4306097
TACC: Setting up parallel environment for MVAPICH2+mpispawn.
TACC: Starting parallel tasks...
N = 256000
P = 2048
Teamsize = 16
Label	Computation	Split	Shift	Reduce
c=16	2.370746e-01	7.679690e-02	1.086790e-02	1.825622e-03
Rank 0 Total Time: 3.209760e-01
Reading result from data/invsq_n256000_s1337.txt
Vector  relative error: 1.39365e-14
Average relative error: 1.11192e-14
Maximum relative error: 6.56811e-14
 
TACC: Shutdown complete. Exiting.
TACC: Starting up job 4306097
TACC: Setting up parallel environment for MVAPICH2+mpispawn.
TACC: Starting parallel tasks...
N = 256000
P = 2048
Teamsize = 32
Label	Computation	Split	Shift	Reduce
c=32	2.360594e-01	5.114888e-02	8.406959e-03	3.827000e-03
Rank 0 Total Time: 2.899150e-01
Reading result from data/invsq_n256000_s1337.txt
Vector  relative error: 1.38952e-14
Average relative error: 1.10889e-14
Maximum relative error: 6.47603e-14
 
TACC: Shutdown complete. Exiting.
TACC: MPI job exited with code: 1
 
TACC: Shutdown complete. Exiting.
TACC: Starting up job 4306078
TACC: Setting up parallel environment for MVAPICH2+mpispawn.
TACC: Starting parallel tasks...
TACC: MPI job exited with code: 1
 
TACC: Shutdown complete. Exiting.
