rm -f *.o *~ */*~
rm -f serial broadcast scatter teamscatter symmetric profile_p2p
rm -f -r .deps
g++ -std=c++11 -DP2P_NUM_THREADS=0 -DP2P_DECAY_ITERATOR=0 -fopenmp -O3 -funroll-loops -Wextra -Wno-unused-local-typedefs -I/n/sw/centos6/openmpi-1.6.5_gcc-4.8.0/include -pthread -MD -MF .deps/symmetric.d -MP -I. -c -o symmetric.o symmetric.cpp
g++ -std=c++11 -DP2P_NUM_THREADS=0 -DP2P_DECAY_ITERATOR=0 -fopenmp -O3 -funroll-loops -Wextra -Wno-unused-local-typedefs -I/n/sw/centos6/openmpi-1.6.5_gcc-4.8.0/include -pthread -o symmetric symmetric.o -pthread -L/lsf/7.0/linux2.6-glibc2.3-x86_64/lib -L/n/sw/centos6/openmpi-1.6.5_gcc-4.8.0/lib -lmpi_cxx -lmpi -lrdmacm -libverbs -lrt -lnsl -lutil -lm -lbat -llsf -ldl -lm -Wl,--export-dynamic -lrt -lnsl -lutil -lm -ldl
N = 25600
P = 64
Teamsize = 1
Label	Computation	Split	Shift	SendReceive	Reduce
C=1	6.876206e-02	7.208630e-02	4.047618e-01	1.795831e-01	6.023453e-03
Rank 0 Total Time: 8.034800e-01
Computing direct matvec...
Vector  relative error: 4.46968e-15
Average relative error: 3.8786e-15
Maximum relative error: 2.13459e-14
DirectCompTime: 4.18047
N = 25600
P = 64
Teamsize = 2
Label	Computation	Split	Shift	SendReceive	Reduce
C=2	2.239897e-01	3.167922e-02	3.041214e-01	1.427135e-01	6.366612e-02
Rank 0 Total Time: 8.778390e-01
Computing direct matvec...
Vector  relative error: 4.40572e-15
Average relative error: 3.68761e-15
Maximum relative error: 2.27028e-14
DirectCompTime: 7.24832
N = 25600
P = 64
Teamsize = 4
Label	Computation	Split	Shift	SendReceive	Reduce
C=4	4.418048e-01	5.496978e-02	2.353135e-01	6.823905e-02	1.017105e-01
Rank 0 Total Time: 1.028624e+00
Computing direct matvec...
Vector  relative error: 4.07531e-15
Average relative error: 3.61679e-15
Maximum relative error: 1.87586e-14
DirectCompTime: 7.24468
N = 25600
P = 64
Teamsize = 8
Label	Computation	Split	Shift	SendReceive	Reduce
C=8	3.772895e-01	2.336880e-02	2.630634e-02	0.000000e+00	1.851009e-01
Rank 0 Total Time: 8.771400e-01
Computing direct matvec...
Vector  relative error: 4.04947e-15
Average relative error: 3.53423e-15
Maximum relative error: 1.83584e-14
DirectCompTime: 7.55304
N = 25600
P = 32
Teamsize = 1
Label	Computation	Split	Shift	SendReceive	Reduce
C=1	2.157313e-01	5.562994e-02	3.485909e-01	1.897401e-01	3.520266e-02
Rank 0 Total Time: 8.752010e-01
Computing direct matvec...
Vector  relative error: 4.50794e-15
Average relative error: 3.88637e-15
Maximum relative error: 2.19933e-14
DirectCompTime: 7.30995
N = 25600
P = 32
Teamsize = 2
Label	Computation	Split	Shift	SendReceive	Reduce
C=2	3.961750e-01	6.541906e-02	2.140512e-01	8.912872e-02	5.363400e-02
Rank 0 Total Time: 8.343720e-01
Computing direct matvec...
Vector  relative error: 4.27594e-15
Average relative error: 3.70273e-15
Maximum relative error: 2.04605e-14
DirectCompTime: 7.36984
N = 25600
P = 32
Teamsize = 4
Label	Computation	Split	Shift	SendReceive	Reduce
C=4	6.763317e-01	2.526859e-02	1.232882e-01	0.000000e+00	2.066844e-01
Rank 0 Total Time: 1.182529e+00
Computing direct matvec...
Vector  relative error: 4.17172e-15
Average relative error: 3.63303e-15
Maximum relative error: 1.94346e-14
DirectCompTime: 7.41696
N = 25600
P = 16
Teamsize = 1
Label	Computation	Split	Shift	SendReceive	Reduce
C=1	8.956632e-01	3.233463e-02	2.427143e-01	1.661983e-01	2.712100e-02
Rank 0 Total Time: 1.374104e+00
Computing direct matvec...
Vector  relative error: 4.59956e-15
Average relative error: 3.91054e-15
Maximum relative error: 2.19933e-14
DirectCompTime: 7.40003
N = 25600
P = 16
Teamsize = 2
Label	Computation	Split	Shift	SendReceive	Reduce
C=2	1.252226e+00	2.100919e-02	2.067096e-01	7.075494e-02	1.137430e-01
Rank 0 Total Time: 1.739473e+00
Computing direct matvec...
Vector  relative error: 4.3324e-15
Average relative error: 3.75819e-15
Maximum relative error: 2.32633e-14
DirectCompTime: 7.43704
N = 25600
P = 16
Teamsize = 4
Label	Computation	Split	Shift	SendReceive	Reduce
C=4	1.731129e+00	8.172288e-02	2.898575e-02	0.000000e+00	2.850297e-01
Rank 0 Total Time: 2.188970e+00
Computing direct matvec...
Vector  relative error: 4.08353e-15
Average relative error: 3.62417e-15
Maximum relative error: 1.90966e-14
DirectCompTime: 7.45464
