rm -f *.o *~ */*~
rm -f serial broadcast scatter teamscatter symmetric profile_p2p
rm -f -r .deps
g++ -std=c++11 -DP2P_NUM_THREADS=0 -DP2P_DECAY_ITERATOR=0 -fopenmp -O3 -funroll-loops -Wextra -Wno-unused-local-typedefs -I/n/sw/centos6/openmpi-1.6.5_gcc-4.8.0/include -pthread -MD -MF .deps/symmetric.d -MP -I. -c -o symmetric.o symmetric.cpp
g++ -std=c++11 -DP2P_NUM_THREADS=0 -DP2P_DECAY_ITERATOR=0 -fopenmp -O3 -funroll-loops -Wextra -Wno-unused-local-typedefs -I/n/sw/centos6/openmpi-1.6.5_gcc-4.8.0/include -pthread -o symmetric symmetric.o -pthread -L/lsf/7.0/linux2.6-glibc2.3-x86_64/lib -L/n/sw/centos6/openmpi-1.6.5_gcc-4.8.0/lib -lmpi_cxx -lmpi -lrdmacm -libverbs -lrt -lnsl -lutil -lm -lbat -llsf -ldl -lm -Wl,--export-dynamic -lrt -lnsl -lutil -lm -ldl
N = 25600
P = 64
Teamsize = 1
Label	Computation	Split	Shift	SendReceive	Reduce
C=1	6.649616e-02	1.023115e-01	4.399660e-01	1.779731e-01	7.537203e-03
Rank 0 Total Time: 7.810400e-01
Computing direct matvec...
Vector  relative error: 4.46968e-15
Average relative error: 3.8786e-15
Maximum relative error: 2.13459e-14
DirectCompTime: 7.38842
N = 25600
P = 64
Teamsize = 2
Label	Computation	Split	Shift	SendReceive	Reduce
C=2	1.252393e-01	5.324637e-02	2.181964e-01	1.065558e-01	5.829025e-02
Rank 0 Total Time: 5.934490e-01
Computing direct matvec...
Vector  relative error: 0.0101273
Average relative error: 0.00234426
Maximum relative error: 1.10286
DirectCompTime: 4.14539
N = 25600
P = 64
Teamsize = 4
Label	Computation	Split	Shift	SendReceive	Reduce
C=4	3.073653e-01	2.166486e-02	1.338416e-01	4.633922e-02	9.233844e-02
Rank 0 Total Time: 7.570030e-01
Computing direct matvec...
Vector  relative error: 4.07531e-15
Average relative error: 3.61679e-15
Maximum relative error: 1.87586e-14
DirectCompTime: 7.1381
N = 25600
P = 64
Teamsize = 8
Label	Computation	Split	Shift	SendReceive	Reduce
C=8	2.734651e-01	3.993203e-02	1.905805e-02	0.000000e+00	1.315218e-01
Rank 0 Total Time: 6.313750e-01
Computing direct matvec...
Vector  relative error: 4.04947e-15
Average relative error: 3.53423e-15
Maximum relative error: 1.83584e-14
DirectCompTime: 4.26085
N = 25600
P = 32
Teamsize = 1
Label	Computation	Split	Shift	SendReceive	Reduce
C=1	1.603653e-01	3.614503e-02	2.786826e-01	1.529814e-01	2.597206e-02
Rank 0 Total Time: 6.694790e-01
Computing direct matvec...
Vector  relative error: 0.00724698
Average relative error: 0.00176228
Maximum relative error: 0.306545
DirectCompTime: 4.08525
N = 25600
P = 32
Teamsize = 2
Label	Computation	Split	Shift	SendReceive	Reduce
C=2	4.496328e-01	4.147569e-02	2.746889e-01	1.060731e-01	1.247494e-01
Rank 0 Total Time: 1.031824e+00
Computing direct matvec...
Vector  relative error: 0.0257075
Average relative error: 0.00636103
Maximum relative error: 1.27234
DirectCompTime: 4.10363
N = 25600
P = 32
Teamsize = 4
Label	Computation	Split	Shift	SendReceive	Reduce
C=4	5.444454e-01	1.601756e-02	7.192678e-02	0.000000e+00	1.513704e-01
Rank 0 Total Time: 9.979100e-01
Computing direct matvec...
Vector  relative error: 4.17172e-15
Average relative error: 3.63303e-15
Maximum relative error: 1.94346e-14
DirectCompTime: 4.42419
N = 25600
P = 16
Teamsize = 1
Label	Computation	Split	Shift	SendReceive	Reduce
C=1	3.238722e-01	1.038081e-02	2.904003e-01	1.293267e-01	5.716400e-02
Rank 0 Total Time: 8.196350e-01
Computing direct matvec...
Vector  relative error: 0.0190617
Average relative error: 0.00394396
Maximum relative error: 0.861183
DirectCompTime: 4.45342
N = 25600
P = 16
Teamsize = 2
Label	Computation	Split	Shift	SendReceive	Reduce
C=2	1.452422e+00	6.519000e-02	1.570534e-01	5.888925e-02	1.271165e-01
Rank 0 Total Time: 1.858318e+00
Computing direct matvec...
Vector  relative error: 4.3324e-15
Average relative error: 3.75819e-15
Maximum relative error: 2.32633e-14
DirectCompTime: 7.35904
N = 25600
P = 16
Teamsize = 4
Label	Computation	Split	Shift	SendReceive	Reduce
C=4	9.878499e-01	2.204288e-02	2.406925e-02	0.000000e+00	5.073312e-01
Rank 0 Total Time: 1.985503e+00
Computing direct matvec...
Vector  relative error: 4.08353e-15
Average relative error: 3.62417e-15
Maximum relative error: 1.90966e-14
DirectCompTime: 4.96361
