rm -f *.o *~ */*~
rm -f serial broadcast scatter teamscatter symmetric profile_p2p
rm -f -r .deps
g++ -std=c++11 -DP2P_NUM_THREADS=0 -DP2P_DECAY_ITERATOR=0 -fopenmp -O3 -funroll-loops -Wextra -Wno-unused-local-typedefs -I/n/sw/centos6/openmpi-1.6.5_gcc-4.8.0/include -pthread -MD -MF .deps/teamscatter.d -MP -I. -c -o teamscatter.o teamscatter.cpp
g++ -std=c++11 -DP2P_NUM_THREADS=0 -DP2P_DECAY_ITERATOR=0 -fopenmp -O3 -funroll-loops -Wextra -Wno-unused-local-typedefs -I/n/sw/centos6/openmpi-1.6.5_gcc-4.8.0/include -pthread -o teamscatter teamscatter.o -pthread -L/lsf/7.0/linux2.6-glibc2.3-x86_64/lib -L/n/sw/centos6/openmpi-1.6.5_gcc-4.8.0/lib -lmpi_cxx -lmpi -lrdmacm -libverbs -lrt -lnsl -lutil -lm -lbat -llsf -ldl -lm -Wl,--export-dynamic -lrt -lnsl -lutil -lm -ldl
N = 128000
P = 1
Teamsize = 1
Label	Computation	Split	Shift	Reduce
c=1	1.832277e+02	1.738000e-03	6.864000e-03	6.000000e-04
Rank 0 Total Time: 1.832496e+02
Reading result from data/invsq_n128000_s1337.txt
Vector  relative error: 1.1957e-14
Average relative error: 9.13722e-15
Maximum relative error: 6.00622e-14
N = 128000
P = 2
Teamsize = 1
Label	Computation	Split	Shift	Reduce
c=1	7.817832e+01	2.002750e-02	9.819181e+00	1.280614e+01
Rank 0 Total Time: 1.008124e+02
Reading result from data/invsq_n128000_s1337.txt
Vector  relative error: 9.37602e-15
Average relative error: 7.0493e-15
Maximum relative error: 6.8844e-14
N = 128000
P = 4
Teamsize = 1
Label	Computation	Split	Shift	Reduce
c=1	3.303650e+01	2.869900e-02	8.328028e+00	2.856689e+00
Rank 0 Total Time: 4.565656e+01
Reading result from data/invsq_n128000_s1337.txt
Vector  relative error: 1.04383e-14
Average relative error: 7.67807e-15
Maximum relative error: 5.86537e-14
N = 128000
P = 4
Teamsize = 2
Label	Computation	Split	Shift	Reduce
c=2	2.623432e+01	3.131075e-02	5.607750e-03	1.473036e+00
Rank 0 Total Time: 2.773829e+01
Reading result from data/invsq_n128000_s1337.txt
Vector  relative error: 1.08454e-14
Average relative error: 8.63931e-15
Maximum relative error: 5.27444e-14
N = 128000
P = 8
Teamsize = 1
Label	Computation	Split	Shift	Reduce
c=1	1.522724e+01	3.288550e-02	2.267292e+00	2.700259e-01
Rank 0 Total Time: 1.779720e+01
Reading result from data/invsq_n128000_s1337.txt
Vector  relative error: 1.07977e-14
Average relative error: 8.07107e-15
Maximum relative error: 5.86537e-14
N = 128000
P = 8
Teamsize = 2
Label	Computation	Split	Shift	Reduce
c=2	1.449043e+01	3.707050e-02	6.535687e-02	3.734139e-01
Rank 0 Total Time: 1.498534e+01
Reading result from data/invsq_n128000_s1337.txt
Vector  relative error: 1.06693e-14
Average relative error: 8.46838e-15
Maximum relative error: 5.22448e-14
N = 128000
P = 16
Teamsize = 1
Label	Computation	Split	Shift	Reduce
c=1	1.246821e+01	6.365613e-02	3.580639e+00	3.538254e-01
Rank 0 Total Time: 1.652227e+01
Reading result from data/invsq_n128000_s1337.txt
Vector  relative error: 1.10896e-14
Average relative error: 8.37241e-15
Maximum relative error: 5.86537e-14
N = 128000
P = 16
Teamsize = 2
Label	Computation	Split	Shift	Reduce
c=2	9.173287e+00	7.665687e-02	1.667401e+00	1.984101e+00
Rank 0 Total Time: 1.354840e+01
Reading result from data/invsq_n128000_s1337.txt
Vector  relative error: 1.09859e-14
Average relative error: 8.7937e-15
Maximum relative error: 5.23953e-14
N = 128000
P = 16
Teamsize = 4
Label	Computation	Split	Shift	Reduce
c=4	7.843648e+00	4.305300e-02	7.357000e-03	2.050514e+00
Rank 0 Total Time: 1.028260e+01
Reading result from data/invsq_n128000_s1337.txt
Vector  relative error: 1.02933e-14
Average relative error: 8.17924e-15
Maximum relative error: 4.86781e-14
N = 128000
P = 32
Teamsize = 1
Label	Computation	Split	Shift	Reduce
c=1	5.349295e+00	4.123306e-02	3.631655e+00	2.551631e-01
Rank 0 Total Time: 9.282883e+00
Reading result from data/invsq_n128000_s1337.txt
Vector  relative error: 1.12447e-14
Average relative error: 8.55959e-15
Maximum relative error: 6.30449e-14
N = 128000
P = 32
Teamsize = 2
Label	Computation	Split	Shift	Reduce
c=2	4.989388e+00	4.976947e-02	1.439771e+00	3.131351e-01
Rank 0 Total Time: 6.968103e+00
Reading result from data/invsq_n128000_s1337.txt
Vector  relative error: 1.11571e-14
Average relative error: 8.88315e-15
Maximum relative error: 5.78155e-14
N = 128000
P = 32
Teamsize = 4
Label	Computation	Split	Shift	Reduce
c=4	4.657288e+00	4.894353e-02	2.451771e-01	6.546431e-01
Rank 0 Total Time: 5.749806e+00
Reading result from data/invsq_n128000_s1337.txt
Vector  relative error: 1.03224e-14
Average relative error: 8.20552e-15
Maximum relative error: 5.07489e-14
N = 128000
P = 64
Teamsize = 1
Label	Computation	Split	Shift	Reduce
c=1	2.787683e+00	2.428447e-01	4.305713e+00	2.600553e-01
Rank 0 Total Time: 7.706308e+00
Reading result from data/invsq_n128000_s1337.txt
Vector  relative error: 1.13288e-14
Average relative error: 8.66024e-15
Maximum relative error: 6.30449e-14
N = 128000
P = 64
Teamsize = 2
Label	Computation	Split	Shift	Reduce
c=2	3.119535e+00	1.608103e-01	2.241730e+00	4.119697e-01
Rank 0 Total Time: 6.226400e+00
Reading result from data/invsq_n128000_s1337.txt
Vector  relative error: 1.12003e-14
Average relative error: 8.91969e-15
Maximum relative error: 5.45032e-14
N = 128000
P = 64
Teamsize = 4
Label	Computation	Split	Shift	Reduce
c=4	3.115004e+00	8.082350e-02	7.913176e-01	2.742214e-01
Rank 0 Total Time: 4.696831e+00
Reading result from data/invsq_n128000_s1337.txt
Vector  relative error: 1.02928e-14
Average relative error: 8.17196e-15
Maximum relative error: 4.85097e-14
N = 128000
P = 64
Teamsize = 8
Label	Computation	Split	Shift	Reduce
c=8	2.974145e+00	1.138872e-01	1.723799e-01	1.447659e+00
Rank 0 Total Time: 5.638608e+00
Reading result from data/invsq_n128000_s1337.txt
Vector  relative error: 1.00098e-14
Average relative error: 7.93996e-15
Maximum relative error: 4.81164e-14
