rm -f *.o *~ */*~
rm -f serial broadcast scatter teamscatter symmetric profile_p2p
rm -f -r .deps
g++ -std=c++11 -DP2P_NUM_THREADS=0 -DP2P_DECAY_ITERATOR=0 -fopenmp -O3 -funroll-loops -Wextra -Wno-unused-local-typedefs -I/n/sw/centos6/openmpi-1.6.5_gcc-4.8.0/include -pthread -MD -MF .deps/teamscatter.d -MP -I. -c -o teamscatter.o teamscatter.cpp
g++ -std=c++11 -DP2P_NUM_THREADS=0 -DP2P_DECAY_ITERATOR=0 -fopenmp -O3 -funroll-loops -Wextra -Wno-unused-local-typedefs -I/n/sw/centos6/openmpi-1.6.5_gcc-4.8.0/include -pthread -o teamscatter teamscatter.o -pthread -L/lsf/7.0/linux2.6-glibc2.3-x86_64/lib -L/n/sw/centos6/openmpi-1.6.5_gcc-4.8.0/lib -lmpi_cxx -lmpi -lrdmacm -libverbs -lrt -lnsl -lutil -lm -lbat -llsf -ldl -lm -Wl,--export-dynamic -lrt -lnsl -lutil -lm -ldl
N = 256000
P = 128
Teamsize = 1
Label	Computation	Split	Shift	Reduce
c=1	6.375423e+00	4.421713e-01	1.548311e+01	1.250781e-05
Rank 0 Total Time: 2.486449e+01
Reading result from data/invsq_n256000_s1337.txt
Vector  relative error: 1.6968e-14
Average relative error: 1.30491e-14
Maximum relative error: 9.28995e-14
N = 256000
P = 128
Teamsize = 2
Label	Computation	Split	Shift	Reduce
c=2	6.155176e+00	7.202995e-01	6.885367e+00	5.516226e-01
Rank 0 Total Time: 1.670100e+01
Reading result from data/invsq_n256000_s1337.txt
Vector  relative error: 1.53096e-14
Average relative error: 1.21932e-14
Maximum relative error: 7.68129e-14
N = 256000
P = 128
Teamsize = 4
Label	Computation	Split	Shift	Reduce
c=4	6.130304e+00	7.984119e-01	3.211765e+00	2.856668e+00
Rank 0 Total Time: 1.532574e+01
Reading result from data/invsq_n256000_s1337.txt
Vector  relative error: 1.44723e-14
Average relative error: 1.15639e-14
Maximum relative error: 7.03418e-14
N = 256000
P = 128
Teamsize = 8
Label	Computation	Split	Shift	Reduce
c=8	6.471513e+00	5.998856e-01	7.073995e-01	3.280308e+00
Rank 0 Total Time: 1.553267e+01
Reading result from data/invsq_n256000_s1337.txt
Vector  relative error: 1.4041e-14
Average relative error: 1.12316e-14
Maximum relative error: 6.28947e-14
