rm -f *.o *~ */*~
rm -f serial broadcast scatter teamscatter symmetric profile_p2p
rm -f -r .deps
/opt/apps/gcc4_7/mvapich2/1.9/bin/mpic++ -std=c++11 -DP2P_NUM_THREADS=0 -DP2P_DECAY_ITERATOR=0 -fopenmp -O3 -funroll-loops -Wextra -Wno-unused-local-typedefs -MD -MF .deps/teamscatter.d -MP -I. -c -o teamscatter.o teamscatter.cpp
/opt/apps/gcc4_7/mvapich2/1.9/bin/mpic++ -std=c++11 -DP2P_NUM_THREADS=0 -DP2P_DECAY_ITERATOR=0 -fopenmp -O3 -funroll-loops -Wextra -Wno-unused-local-typedefs -o teamscatter teamscatter.o 
TACC: Starting up job 4306264
TACC: Setting up parallel environment for MVAPICH2+mpispawn.
TACC: Starting parallel tasks...
N = 256000
P = 1
Teamsize = 1
Label	Computation	Split	Shift	Reduce
c=1	2.346634e+02	1.691000e-03	6.883000e-03	7.420000e-04
Rank 0 Total Time: 2.346802e+02
Reading result from data/invsq_n256000_s1337.txt
Vector  relative error: 1.69521e-14
Average relative error: 1.29355e-14
Maximum relative error: 9.02488e-14
 
TACC: Shutdown complete. Exiting.
TACC: Starting up job 4306264
TACC: Setting up parallel environment for MVAPICH2+mpispawn.
TACC: Starting parallel tasks...
N = 256000
P = 2
Teamsize = 1
Label	Computation	Split	Shift	Reduce
c=1	1.804961e+02	1.157150e-02	8.356000e-02	1.369610e-01
Rank 0 Total Time: 1.807221e+02
Reading result from data/invsq_n256000_s1337.txt
Vector  relative error: 1.3316e-14
Average relative error: 9.97682e-15
Maximum relative error: 9.69487e-14
 
TACC: Shutdown complete. Exiting.
TACC: Starting up job 4306264
TACC: Setting up parallel environment for MVAPICH2+mpispawn.
TACC: Starting parallel tasks...
N = 256000
P = 4
Teamsize = 1
Label	Computation	Split	Shift	Reduce
c=1	1.060011e+02	1.636425e-02	1.111178e-01	4.126800e-02
Rank 0 Total Time: 1.061566e+02
Reading result from data/invsq_n256000_s1337.txt
Vector  relative error: 1.47985e-14
Average relative error: 1.0916e-14
Maximum relative error: 8.45548e-14
 
TACC: Shutdown complete. Exiting.
TACC: Starting up job 4306264
TACC: Setting up parallel environment for MVAPICH2+mpispawn.
TACC: Starting parallel tasks...
N = 256000
P = 4
Teamsize = 2
Label	Computation	Split	Shift	Reduce
c=2	9.060891e+01	1.764125e-02	3.652250e-03	3.158972e+01
Rank 0 Total Time: 1.222261e+02
Reading result from data/invsq_n256000_s1337.txt
Vector  relative error: 1.52902e-14
Average relative error: 1.21965e-14
Maximum relative error: 7.33012e-14
 
TACC: Shutdown complete. Exiting.
TACC: Starting up job 4306264
TACC: Setting up parallel environment for MVAPICH2+mpispawn.
TACC: Starting parallel tasks...
N = 256000
P = 8
Teamsize = 1
Label	Computation	Split	Shift	Reduce
c=1	5.694369e+01	1.944050e-02	6.473175e-02	1.078375e-02
Rank 0 Total Time: 5.702145e+01
Reading result from data/invsq_n256000_s1337.txt
Vector  relative error: 1.52764e-14
Average relative error: 1.14365e-14
Maximum relative error: 8.70215e-14
 
TACC: Shutdown complete. Exiting.
TACC: Starting up job 4306264
TACC: Setting up parallel environment for MVAPICH2+mpispawn.
TACC: Starting parallel tasks...
N = 256000
P = 8
Teamsize = 2
Label	Computation	Split	Shift	Reduce
c=2	5.340224e+01	2.000725e-02	1.733812e-02	7.911541e+00
Rank 0 Total Time: 6.134442e+01
Reading result from data/invsq_n256000_s1337.txt
Vector  relative error: 1.50403e-14
Average relative error: 1.19776e-14
Maximum relative error: 7.00508e-14
 
TACC: Shutdown complete. Exiting.
TACC: Starting up job 4306264
TACC: Setting up parallel environment for MVAPICH2+mpispawn.
TACC: Starting parallel tasks...
N = 256000
P = 16
Teamsize = 1
Label	Computation	Split	Shift	Reduce
c=1	2.946504e+01	2.022975e-02	7.299444e-02	1.168963e-02
Rank 0 Total Time: 2.955182e+01
Reading result from data/invsq_n256000_s1337.txt
Vector  relative error: 1.5627e-14
Average relative error: 1.18355e-14
Maximum relative error: 8.39665e-14
 
TACC: Shutdown complete. Exiting.
TACC: Starting up job 4306264
TACC: Setting up parallel environment for MVAPICH2+mpispawn.
TACC: Starting parallel tasks...
N = 256000
P = 16
Teamsize = 2
Label	Computation	Split	Shift	Reduce
c=2	2.847352e+01	2.032800e-02	1.852812e-02	1.965046e+00
Rank 0 Total Time: 3.046207e+01
Reading result from data/invsq_n256000_s1337.txt
Vector  relative error: 1.55644e-14
Average relative error: 1.24486e-14
Maximum relative error: 7.22995e-14
 
TACC: Shutdown complete. Exiting.
TACC: Starting up job 4306264
TACC: Setting up parallel environment for MVAPICH2+mpispawn.
TACC: Starting parallel tasks...
N = 256000
P = 16
Teamsize = 4
Label	Computation	Split	Shift	Reduce
c=4	2.659755e+01	2.099913e-02	1.988500e-03	3.974005e+00
Rank 0 Total Time: 3.058293e+01
Reading result from data/invsq_n256000_s1337.txt
Vector  relative error: 1.44845e-14
Average relative error: 1.15714e-14
Maximum relative error: 6.52207e-14
 
TACC: Shutdown complete. Exiting.
TACC: Starting up job 4306264
TACC: Setting up parallel environment for MVAPICH2+mpispawn.
TACC: Starting parallel tasks...
N = 256000
P = 32
Teamsize = 1
Label	Computation	Split	Shift	Reduce
c=1	1.497892e+01	2.521428e-02	4.519503e-02	3.428813e-03
Rank 0 Total Time: 1.503170e+01
Reading result from data/invsq_n256000_s1337.txt
Vector  relative error: 1.58546e-14
Average relative error: 1.2096e-14
Maximum relative error: 8.3933e-14
 
TACC: Shutdown complete. Exiting.
TACC: Starting up job 4306264
TACC: Setting up parallel environment for MVAPICH2+mpispawn.
TACC: Starting parallel tasks...
N = 256000
P = 32
Teamsize = 2
Label	Computation	Split	Shift	Reduce
c=2	1.473157e+01	2.180681e-02	1.578034e-02	4.914046e-01
Rank 0 Total Time: 1.524772e+01
Reading result from data/invsq_n256000_s1337.txt
Vector  relative error: 1.57333e-14
Average relative error: 1.2572e-14
Maximum relative error: 7.33794e-14
 
TACC: Shutdown complete. Exiting.
TACC: Starting up job 4306264
TACC: Setting up parallel environment for MVAPICH2+mpispawn.
TACC: Starting parallel tasks...
N = 256000
P = 32
Teamsize = 4
Label	Computation	Split	Shift	Reduce
c=4	1.423551e+01	2.209659e-02	2.903375e-03	9.919252e-01
Rank 0 Total Time: 1.523678e+01
Reading result from data/invsq_n256000_s1337.txt
Vector  relative error: 1.45163e-14
Average relative error: 1.15993e-14
Maximum relative error: 6.82899e-14
 
TACC: Shutdown complete. Exiting.
TACC: Starting up job 4306264
TACC: Setting up parallel environment for MVAPICH2+mpispawn.
TACC: Starting parallel tasks...
N = 256000
P = 64
Teamsize = 1
Label	Computation	Split	Shift	Reduce
c=1	7.552758e+00	2.462373e-02	4.099078e-02	6.521000e-03
Rank 0 Total Time: 7.610542e+00
Reading result from data/invsq_n256000_s1337.txt
Vector  relative error: 1.59761e-14
Average relative error: 1.2247e-14
Maximum relative error: 8.31485e-14
 
TACC: Shutdown complete. Exiting.
TACC: Starting up job 4306264
TACC: Setting up parallel environment for MVAPICH2+mpispawn.
TACC: Starting parallel tasks...
N = 256000
P = 64
Teamsize = 2
Label	Computation	Split	Shift	Reduce
c=2	7.489746e+00	2.311645e-02	1.251608e-02	1.204161e-01
Rank 0 Total Time: 7.628714e+00
Reading result from data/invsq_n256000_s1337.txt
Vector  relative error: 1.58012e-14
Average relative error: 1.26128e-14
Maximum relative error: 7.86729e-14
 
TACC: Shutdown complete. Exiting.
TACC: Starting up job 4306264
TACC: Setting up parallel environment for MVAPICH2+mpispawn.
TACC: Starting parallel tasks...
N = 256000
P = 64
Teamsize = 4
Label	Computation	Split	Shift	Reduce
c=4	7.366680e+00	2.303487e-02	6.345359e-03	2.498233e-01
Rank 0 Total Time: 7.632042e+00
Reading result from data/invsq_n256000_s1337.txt
Vector  relative error: 1.44594e-14
Average relative error: 1.15451e-14
Maximum relative error: 7.02849e-14
 
TACC: Shutdown complete. Exiting.
TACC: Starting up job 4306264
TACC: Setting up parallel environment for MVAPICH2+mpispawn.
TACC: Starting parallel tasks...
N = 256000
P = 64
Teamsize = 8
Label	Computation	Split	Shift	Reduce
c=8	7.118264e+00	2.298478e-02	2.917344e-03	4.968496e-01
Rank 0 Total Time: 7.625300e+00
Reading result from data/invsq_n256000_s1337.txt
Vector  relative error: 1.40509e-14
Average relative error: 1.12235e-14
Maximum relative error: 6.5988e-14
 
TACC: Shutdown complete. Exiting.
TACC: Starting up job 4306264
TACC: Setting up parallel environment for MVAPICH2+mpispawn.
TACC: Starting parallel tasks...
N = 256000
P = 128
Teamsize = 1
Label	Computation	Split	Shift	Reduce
c=1	3.793112e+00	6.948398e-02	3.772541e-02	1.145469e-04
Rank 0 Total Time: 3.886635e+00
Reading result from data/invsq_n256000_s1337.txt
Vector  relative error: 1.60406e-14
Average relative error: 1.23271e-14
Maximum relative error: 8.3079e-14
 
TACC: Shutdown complete. Exiting.
TACC: Starting up job 4306264
TACC: Setting up parallel environment for MVAPICH2+mpispawn.
TACC: Starting parallel tasks...
N = 256000
P = 128
Teamsize = 2
Label	Computation	Split	Shift	Reduce
c=2	3.775656e+00	4.597429e-02	1.008276e-02	2.825213e-02
Rank 0 Total Time: 3.842503e+00
Reading result from data/invsq_n256000_s1337.txt
Vector  relative error: 1.5821e-14
Average relative error: 1.26281e-14
Maximum relative error: 7.52047e-14
 
TACC: Shutdown complete. Exiting.
TACC: Starting up job 4306264
TACC: Setting up parallel environment for MVAPICH2+mpispawn.
TACC: Starting parallel tasks...
N = 256000
P = 128
Teamsize = 4
Label	Computation	Split	Shift	Reduce
c=4	3.744942e+00	3.566542e-02	1.187317e-02	6.426768e-02
Rank 0 Total Time: 3.839509e+00
Reading result from data/invsq_n256000_s1337.txt
Vector  relative error: 1.44629e-14
Average relative error: 1.15555e-14
Maximum relative error: 6.7983e-14
 
TACC: Shutdown complete. Exiting.
TACC: Starting up job 4306264
TACC: Setting up parallel environment for MVAPICH2+mpispawn.
TACC: Starting parallel tasks...
N = 256000
P = 128
Teamsize = 8
Label	Computation	Split	Shift	Reduce
c=8	3.683828e+00	2.778353e-02	7.580469e-03	1.263703e-01
Rank 0 Total Time: 3.829529e+00
Reading result from data/invsq_n256000_s1337.txt
Vector  relative error: 1.40722e-14
Average relative error: 1.12288e-14
Maximum relative error: 6.84434e-14
 
TACC: Shutdown complete. Exiting.
TACC: Starting up job 4306264
TACC: Setting up parallel environment for MVAPICH2+mpispawn.
TACC: Starting parallel tasks...
N = 256000
P = 256
Teamsize = 1
Label	Computation	Split	Shift	Reduce
c=1	1.900385e+00	1.298906e-01	4.023459e-02	2.269141e-05
Rank 0 Total Time: 2.054390e+00
Reading result from data/invsq_n256000_s1337.txt
Vector  relative error: 1.60752e-14
Average relative error: 1.23713e-14
Maximum relative error: 8.3079e-14
 
TACC: Shutdown complete. Exiting.
TACC: Starting up job 4306264
TACC: Setting up parallel environment for MVAPICH2+mpispawn.
TACC: Starting parallel tasks...
N = 256000
P = 256
Teamsize = 2
Label	Computation	Split	Shift	Reduce
c=2	1.896190e+00	7.109107e-02	1.420843e-02	4.819758e-03
Rank 0 Total Time: 1.970175e+00
Reading result from data/invsq_n256000_s1337.txt
Vector  relative error: 1.58225e-14
Average relative error: 1.26304e-14
Maximum relative error: 7.1325e-14
 
TACC: Shutdown complete. Exiting.
TACC: Starting up job 4306264
TACC: Setting up parallel environment for MVAPICH2+mpispawn.
TACC: Starting parallel tasks...
N = 256000
P = 256
Teamsize = 4
Label	Computation	Split	Shift	Reduce
c=4	1.887781e+00	5.054293e-02	8.942617e-03	1.776707e-02
Rank 0 Total Time: 1.949278e+00
Reading result from data/invsq_n256000_s1337.txt
Vector  relative error: 1.44694e-14
Average relative error: 1.15524e-14
Maximum relative error: 6.63532e-14
 
TACC: Shutdown complete. Exiting.
TACC: Starting up job 4306264
TACC: Setting up parallel environment for MVAPICH2+mpispawn.
TACC: Starting parallel tasks...
N = 256000
P = 256
Teamsize = 8
Label	Computation	Split	Shift	Reduce
c=8	1.872722e+00	3.618727e-02	1.010727e-02	3.488641e-02
Rank 0 Total Time: 1.940103e+00
Reading result from data/invsq_n256000_s1337.txt
Vector  relative error: 1.40623e-14
Average relative error: 1.12193e-14
Maximum relative error: 6.62949e-14
 
TACC: Shutdown complete. Exiting.
TACC: Starting up job 4306264
TACC: Setting up parallel environment for MVAPICH2+mpispawn.
TACC: Starting parallel tasks...
N = 256000
P = 256
Teamsize = 16
Label	Computation	Split	Shift	Reduce
c=16	1.842110e+00	2.990077e-02	6.951969e-03	6.709655e-02
Rank 0 Total Time: 1.933458e+00
Reading result from data/invsq_n256000_s1337.txt
Vector  relative error: 1.39262e-14
Average relative error: 1.11186e-14
Maximum relative error: 6.47845e-14
 
TACC: Shutdown complete. Exiting.
TACC: Starting up job 4306264
TACC: Setting up parallel environment for MVAPICH2+mpispawn.
TACC: Starting parallel tasks...
N = 256000
P = 512
Teamsize = 1
Label	Computation	Split	Shift	Reduce
c=1	9.513706e-01	1.920112e-01	2.143749e-02	1.214258e-04
Rank 0 Total Time: 1.160760e+00
Reading result from data/invsq_n256000_s1337.txt
Vector  relative error: 1.60947e-14
Average relative error: 1.23997e-14
Maximum relative error: 8.3079e-14
 
TACC: Shutdown complete. Exiting.
TACC: Starting up job 4306264
TACC: Setting up parallel environment for MVAPICH2+mpispawn.
TACC: Starting parallel tasks...
N = 256000
P = 512
Teamsize = 2
Label	Computation	Split	Shift	Reduce
c=2	9.500879e-01	1.293418e-01	7.452830e-03	1.644336e-03
Rank 0 Total Time: 1.073300e+00
Reading result from data/invsq_n256000_s1337.txt
Vector  relative error: 1.58217e-14
Average relative error: 1.26353e-14
Maximum relative error: 7.64825e-14
 
TACC: Shutdown complete. Exiting.
TACC: Starting up job 4306264
TACC: Setting up parallel environment for MVAPICH2+mpispawn.
TACC: Starting parallel tasks...
N = 256000
P = 512
Teamsize = 4
Label	Computation	Split	Shift	Reduce
c=4	9.480320e-01	7.552798e-02	1.034568e-02	4.883273e-03
Rank 0 Total Time: 1.023600e+00
Reading result from data/invsq_n256000_s1337.txt
Vector  relative error: 1.44637e-14
Average relative error: 1.15573e-14
Maximum relative error: 6.75226e-14
 
TACC: Shutdown complete. Exiting.
TACC: Starting up job 4306264
TACC: Setting up parallel environment for MVAPICH2+mpispawn.
TACC: Starting parallel tasks...
N = 256000
P = 512
Teamsize = 8
Label	Computation	Split	Shift	Reduce
c=8	9.441452e-01	5.153113e-02	1.140520e-02	9.315557e-03
Rank 0 Total Time: 1.004225e+00
Reading result from data/invsq_n256000_s1337.txt
Vector  relative error: 1.40609e-14
Average relative error: 1.12193e-14
Maximum relative error: 6.66018e-14
 
TACC: Shutdown complete. Exiting.
TACC: Starting up job 4306264
TACC: Setting up parallel environment for MVAPICH2+mpispawn.
TACC: Starting parallel tasks...
N = 256000
P = 512
Teamsize = 16
Label	Computation	Split	Shift	Reduce
c=16	9.362404e-01	3.409348e-02	7.952875e-03	1.703658e-02
Rank 0 Total Time: 9.805000e-01
Reading result from data/invsq_n256000_s1337.txt
Vector  relative error: 1.39331e-14
Average relative error: 1.1122e-14
Maximum relative error: 6.47845e-14
 
TACC: Shutdown complete. Exiting.
TACC: Starting up job 4306264
TACC: Setting up parallel environment for MVAPICH2+mpispawn.
TACC: Starting parallel tasks...
N = 256000
P = 1024
Teamsize = 1
Label	Computation	Split	Shift	Reduce
c=1	4.760838e-01	3.378844e-01	3.691058e-02	2.023867e-04
Rank 0 Total Time: 8.636440e-01
Reading result from data/invsq_n256000_s1337.txt
Vector  relative error: 1.61041e-14
Average relative error: 1.24144e-14
Maximum relative error: 8.3079e-14
 
TACC: Shutdown complete. Exiting.
TACC: Starting up job 4306264
TACC: Setting up parallel environment for MVAPICH2+mpispawn.
TACC: Starting parallel tasks...
N = 256000
P = 1024
Teamsize = 2
TACC: MPI job exited with code: 1
 
TACC: Shutdown complete. Exiting.
TACC: Starting up job 4306264
TACC: Setting up parallel environment for MVAPICH2+mpispawn.
TACC: Starting parallel tasks...
N = 256000
P = 1024
Teamsize = 4
Label	Computation	Split	Shift	Reduce
c=4	4.756436e-01	1.425223e-01	4.237274e-02	1.896845e-02
Rank 0 Total Time: 7.414370e-01
Reading result from data/invsq_n256000_s1337.txt
Vector  relative error: 1.4449e-14
Average relative error: 1.15532e-14
Maximum relative error: 6.69087e-14
 
TACC: Shutdown complete. Exiting.
TACC: Starting up job 4306264
TACC: Setting up parallel environment for MVAPICH2+mpispawn.
TACC: Starting parallel tasks...
N = 256000
P = 1024
Teamsize = 8
Label	Computation	Split	Shift	Reduce
c=8	4.744775e-01	7.355415e-02	1.928366e-02	3.067943e-02
Rank 0 Total Time: 7.472300e-01
Reading result from data/invsq_n256000_s1337.txt
Vector  relative error: 1.40583e-14
Average relative error: 1.12191e-14
Maximum relative error: 6.56811e-14
 
TACC: Shutdown complete. Exiting.
TACC: Starting up job 4306264
TACC: Setting up parallel environment for MVAPICH2+mpispawn.
TACC: Starting parallel tasks...
N = 256000
P = 1024
Teamsize = 16
Label	Computation	Split	Shift	Reduce
c=16	4.726189e-01	4.932746e-02	1.260820e-02	1.478896e-02
Rank 0 Total Time: 6.394190e-01
Reading result from data/invsq_n256000_s1337.txt
Vector  relative error: 1.39356e-14
Average relative error: 1.11187e-14
Maximum relative error: 6.44589e-14
 
TACC: Shutdown complete. Exiting.
TACC: Starting up job 4306264
TACC: Setting up parallel environment for MVAPICH2+mpispawn.
TACC: Starting parallel tasks...
N = 256000
P = 1024
Teamsize = 32
Label	Computation	Split	Shift	Reduce
c=32	4.684452e-01	7.094707e-02	6.607844e-02	1.473874e-01
Rank 0 Total Time: 9.144840e-01
Reading result from data/invsq_n256000_s1337.txt
Vector  relative error: 1.38898e-14
Average relative error: 1.10892e-14
Maximum relative error: 6.54356e-14
 
TACC: Shutdown complete. Exiting.
TACC: Starting up job 4306264
TACC: Setting up parallel environment for MVAPICH2+mpispawn.
TACC: Starting parallel tasks...
N = 256000
P = 2048
Teamsize = 1
Label	Computation	Split	Shift	Reduce
c=1	2.380154e-01	7.756829e-02	1.398417e-01	9.377686e-05
Rank 0 Total Time: 5.312770e-01
Reading result from data/invsq_n256000_s1337.txt
Vector  relative error: 1.61088e-14
Average relative error: 1.24225e-14
Maximum relative error: 8.3079e-14
 
TACC: Shutdown complete. Exiting.
TACC: Starting up job 4306264
TACC: Setting up parallel environment for MVAPICH2+mpispawn.
TACC: Starting parallel tasks...
N = 256000
P = 2048
Teamsize = 2
TACC: MPI job exited with code: 1
 
TACC: Shutdown complete. Exiting.
TACC: Starting up job 4306264
TACC: Setting up parallel environment for MVAPICH2+mpispawn.
TACC: Starting parallel tasks...
N = 256000
P = 2048
Teamsize = 4
Label	Computation	Split	Shift	Reduce
c=4	2.378640e-01	1.894300e-01	1.397874e-02	1.005762e-03
Rank 0 Total Time: 4.352970e-01
Reading result from data/invsq_n256000_s1337.txt
Vector  relative error: 1.44601e-14
Average relative error: 1.15527e-14
Maximum relative error: 6.69087e-14
 
TACC: Shutdown complete. Exiting.
TACC: Starting up job 4306264
TACC: Setting up parallel environment for MVAPICH2+mpispawn.
TACC: Starting parallel tasks...
N = 256000
P = 2048
Teamsize = 8
Label	Computation	Split	Shift	Reduce
c=8	2.375661e-01	1.429568e-01	1.221555e-02	1.785578e-03
Rank 0 Total Time: 3.848810e-01
Reading result from data/invsq_n256000_s1337.txt
Vector  relative error: 1.40646e-14
Average relative error: 1.1218e-14
Maximum relative error: 6.69087e-14
 
TACC: Shutdown complete. Exiting.
TACC: Starting up job 4306264
TACC: Setting up parallel environment for MVAPICH2+mpispawn.
TACC: Starting parallel tasks...
N = 256000
P = 2048
Teamsize = 16
Label	Computation	Split	Shift	Reduce
c=16	2.371432e-01	7.719090e-02	1.134457e-02	1.869730e-03
Rank 0 Total Time: 3.190840e-01
Reading result from data/invsq_n256000_s1337.txt
Vector  relative error: 1.39366e-14
Average relative error: 1.11191e-14
Maximum relative error: 6.56811e-14
 
TACC: Shutdown complete. Exiting.
TACC: Starting up job 4306264
TACC: Setting up parallel environment for MVAPICH2+mpispawn.
TACC: Starting parallel tasks...
N = 256000
P = 2048
Teamsize = 32
Label	Computation	Split	Shift	Reduce
c=32	2.359852e-01	5.121871e-02	8.340404e-03	3.535217e-03
Rank 0 Total Time: 2.877500e-01
Reading result from data/invsq_n256000_s1337.txt
Vector  relative error: 1.38952e-14
Average relative error: 1.10889e-14
Maximum relative error: 6.47603e-14
 
TACC: Shutdown complete. Exiting.
