rm -f *.o *~ */*~
rm -f serial broadcast scatter teamscatter symmetric profile_p2p
rm -f -r .deps
g++ -std=c++11 -DP2P_NUM_THREADS=0 -DP2P_DECAY_ITERATOR=0 -fopenmp -O3 -funroll-loops -Wextra -Wno-unused-local-typedefs -I/n/sw/centos6/openmpi-1.6.5_gcc-4.8.0/include -pthread -MD -MF .deps/symmetric.d -MP -I. -c -o symmetric.o symmetric.cpp
g++ -std=c++11 -DP2P_NUM_THREADS=0 -DP2P_DECAY_ITERATOR=0 -fopenmp -O3 -funroll-loops -Wextra -Wno-unused-local-typedefs -I/n/sw/centos6/openmpi-1.6.5_gcc-4.8.0/include -pthread -o symmetric symmetric.o -pthread -L/lsf/7.0/linux2.6-glibc2.3-x86_64/lib -L/n/sw/centos6/openmpi-1.6.5_gcc-4.8.0/lib -lmpi_cxx -lmpi -lrdmacm -libverbs -lrt -lnsl -lutil -lm -lbat -llsf -ldl -lm -Wl,--export-dynamic -lrt -lnsl -lutil -lm -ldl
N = 256000
P = 1
Teamsize = 1
Label	Computation	Split	Shift	SendReceive	Reduce
C=1	7.348772e+02	3.395000e-03	1.245000e-02	0.000000e+00	1.618000e-03
Rank 0 Total Time: 7.349184e+02
Reading result from data/invsq_n256000_s1337.txt
Vector  relative error: 1.69521e-14
Average relative error: 1.29355e-14
Maximum relative error: 9.02488e-14
N = 256000
P = 2
Teamsize = 1
Label	Computation	Split	Shift	SendReceive	Reduce
C=1	3.780298e+02	3.850250e-02	3.384266e+01	0.000000e+00	1.360051e+00
Rank 0 Total Time: 4.132528e+02
Reading result from data/invsq_n256000_s1337.txt
Vector  relative error: 1.3316e-14
Average relative error: 9.97682e-15
Maximum relative error: 9.69487e-14
N = 256000
P = 4
Teamsize = 1
Label	Computation	Split	Shift	SendReceive	Reduce
C=1	1.313825e+02	5.558900e-02	3.645882e+01	1.040355e+01	1.331185e+01
Rank 0 Total Time: 1.915708e+02
Reading result from data/invsq_n256000_s1337.txt
Vector  relative error: 1.6349e-14
Average relative error: 1.30681e-14
Maximum relative error: 8.63621e-14
N = 256000
P = 4
Teamsize = 2
Label	Computation	Split	Shift	SendReceive	Reduce
C=2	1.503300e+02	6.162600e-02	1.055900e-02	0.000000e+00	2.708481e+01
Rank 0 Total Time: 1.899086e+02
Reading result from data/invsq_n256000_s1337.txt
Vector  relative error: 1.52902e-14
Average relative error: 1.21965e-14
Maximum relative error: 7.33012e-14
N = 256000
P = 8
Teamsize = 1
Label	Computation	Split	Shift	SendReceive	Reduce
C=1	4.990493e+01	6.465375e-02	9.351296e-01	4.320451e-01	2.150125e-03
Rank 0 Total Time: 5.128645e+01
Reading result from data/invsq_n256000_s1337.txt
Vector  relative error: 1.61734e-14
Average relative error: 1.29369e-14
Maximum relative error: 8.26572e-14
N = 256000
P = 8
Teamsize = 2
Label	Computation	Split	Shift	SendReceive	Reduce
C=2	5.719523e+01	7.030612e-02	8.330525e-02	0.000000e+00	1.822392e+00
Rank 0 Total Time: 5.935298e+01
Reading result from data/invsq_n256000_s1337.txt
Vector  relative error: 1.50403e-14
Average relative error: 1.19776e-14
Maximum relative error: 7.00508e-14
N = 256000
P = 16
Teamsize = 1
Label	Computation	Split	Shift	SendReceive	Reduce
C=1	3.119199e+01	6.774750e-02	6.440762e+00	6.415435e+00	4.349149e-01
Rank 0 Total Time: 4.458626e+01
Reading result from data/invsq_n256000_s1337.txt
Vector  relative error: 1.59115e-14
Average relative error: 1.26839e-14
Maximum relative error: 7.73831e-14
N = 256000
P = 16
Teamsize = 2
Label	Computation	Split	Shift	SendReceive	Reduce
C=2	2.971197e+01	7.404656e-02	2.250273e+00	7.535463e-01	1.814717e+00
Rank 0 Total Time: 3.536051e+01
Reading result from data/invsq_n256000_s1337.txt
Vector  relative error: 1.44704e-14
Average relative error: 1.1522e-14
Maximum relative error: 6.93641e-14
N = 256000
P = 16
Teamsize = 4
Label	Computation	Split	Shift	SendReceive	Reduce
C=4	3.667949e+01	8.147113e-02	1.394294e-02	0.000000e+00	1.092387e+01
Rank 0 Total Time: 5.071424e+01
Reading result from data/invsq_n256000_s1337.txt
Vector  relative error: 1.44842e-14
Average relative error: 1.15713e-14
Maximum relative error: 6.52207e-14
N = 256000
P = 32
Teamsize = 1
Label	Computation	Split	Shift	SendReceive	Reduce
C=1	1.106746e+01	2.221170e-01	3.977277e+00	2.340510e+00	6.803716e-01
Rank 0 Total Time: 1.867040e+01
Reading result from data/invsq_n256000_s1337.txt
Vector  relative error: 1.56812e-14
Average relative error: 1.25126e-14
Maximum relative error: 7.78946e-14
N = 256000
P = 32
Teamsize = 2
Label	Computation	Split	Shift	SendReceive	Reduce
C=2	1.224031e+01	7.169503e-02	1.718687e+00	9.161037e-01	8.643417e-01
Rank 0 Total Time: 1.608010e+01
Reading result from data/invsq_n256000_s1337.txt
Vector  relative error: 1.41724e-14
Average relative error: 1.12905e-14
Maximum relative error: 6.64484e-14
N = 256000
P = 32
Teamsize = 4
Label	Computation	Split	Shift	SendReceive	Reduce
C=4	1.808565e+01	1.645157e-01	9.706908e-01	0.000000e+00	3.669771e+00
Rank 0 Total Time: 2.302355e+01
Reading result from data/invsq_n256000_s1337.txt
Vector  relative error: 1.45163e-14
Average relative error: 1.15995e-14
Maximum relative error: 6.82899e-14
N = 256000
P = 64
Teamsize = 1
Label	Computation	Split	Shift	SendReceive	Reduce
C=1	6.973412e+00	3.176980e-01	3.609389e+00	1.823630e+00	2.653273e-01
Rank 0 Total Time: 1.328158e+01
Reading result from data/invsq_n256000_s1337.txt
Vector  relative error: 1.5557e-14
Average relative error: 1.2412e-14
Maximum relative error: 7.50967e-14
N = 256000
P = 64
Teamsize = 2
Label	Computation	Split	Shift	SendReceive	Reduce
C=2	7.110747e+00	3.808482e-01	2.223392e+00	1.044434e+00	3.677759e-01
Rank 0 Total Time: 1.144429e+01
Reading result from data/invsq_n256000_s1337.txt
Vector  relative error: 1.41421e-14
Average relative error: 1.12506e-14
Maximum relative error: 6.67378e-14
N = 256000
P = 64
Teamsize = 4
Label	Computation	Split	Shift	SendReceive	Reduce
C=4	9.682562e+00	1.617341e-01	2.175094e+00	6.273240e-01	2.526734e+00
Rank 0 Total Time: 1.612217e+01
Reading result from data/invsq_n256000_s1337.txt
Vector  relative error: 1.45681e-14
Average relative error: 1.16319e-14
Maximum relative error: 7.02448e-14
N = 256000
P = 64
Teamsize = 8
Label	Computation	Split	Shift	SendReceive	Reduce
C=8	1.164455e+01	1.998526e-01	3.760905e-02	0.000000e+00	3.375344e+00
Rank 0 Total Time: 1.555459e+01
Reading result from data/invsq_n256000_s1337.txt
Vector  relative error: 1.40512e-14
Average relative error: 1.12239e-14
Maximum relative error: 6.5988e-14
