rm -f *.o *~ */*~
rm -f serial broadcast scatter teamscatter symmetric profile_p2p
rm -f -r .deps
g++ -std=c++11 -DP2P_NUM_THREADS=0 -DP2P_DECAY_ITERATOR=0 -fopenmp -O3 -funroll-loops -Wextra -Wno-unused-local-typedefs -I/n/sw/centos6/openmpi-1.6.5_gcc-4.8.0/include -pthread -MD -MF .deps/teamscatter.d -MP -I. -c -o teamscatter.o teamscatter.cpp
g++ -std=c++11 -DP2P_NUM_THREADS=0 -DP2P_DECAY_ITERATOR=0 -fopenmp -O3 -funroll-loops -Wextra -Wno-unused-local-typedefs -I/n/sw/centos6/openmpi-1.6.5_gcc-4.8.0/include -pthread -o teamscatter teamscatter.o -pthread -L/lsf/7.0/linux2.6-glibc2.3-x86_64/lib -L/n/sw/centos6/openmpi-1.6.5_gcc-4.8.0/lib -lmpi_cxx -lmpi -lrdmacm -libverbs -lrt -lnsl -lutil -lm -lbat -llsf -ldl -lm -Wl,--export-dynamic -lrt -lnsl -lutil -lm -ldl
N = 256000
P = 1
Teamsize = 1
Label	Computation	Split	Shift	Reduce
c=1	7.344899e+02	3.400000e-03	1.252500e-02	1.578000e-03
Rank 0 Total Time: 7.345280e+02
Reading result from data/invsq_n256000_s1337.txt
Vector  relative error: 1.69521e-14
Average relative error: 1.29355e-14
Maximum relative error: 9.02488e-14
N = 256000
P = 2
Teamsize = 1
Label	Computation	Split	Shift	Reduce
c=1	4.030729e+02	3.874850e-02	1.123458e+00	2.371832e+00
Rank 0 Total Time: 4.065843e+02
Reading result from data/invsq_n256000_s1337.txt
Vector  relative error: 1.3316e-14
Average relative error: 9.97682e-15
Maximum relative error: 9.69487e-14
N = 256000
P = 4
Teamsize = 1
Label	Computation	Split	Shift	Reduce
c=1	1.341682e+02	5.621025e-02	3.870356e+01	1.946569e+01
Rank 0 Total Time: 1.923495e+02
Reading result from data/invsq_n256000_s1337.txt
Vector  relative error: 1.47985e-14
Average relative error: 1.0916e-14
Maximum relative error: 8.45548e-14
N = 256000
P = 4
Teamsize = 2
Label	Computation	Split	Shift	Reduce
c=2	1.263517e+02	6.027500e-02	9.456750e-03	3.810614e+01
Rank 0 Total Time: 1.817248e+02
Reading result from data/invsq_n256000_s1337.txt
Vector  relative error: 1.52902e-14
Average relative error: 1.21965e-14
Maximum relative error: 7.33012e-14
N = 256000
P = 8
Teamsize = 1
Label	Computation	Split	Shift	Reduce
c=1	5.892692e+01	6.912137e-02	3.232391e+00	1.272650e-01
Rank 0 Total Time: 6.230233e+01
Reading result from data/invsq_n256000_s1337.txt
Vector  relative error: 1.52764e-14
Average relative error: 1.14365e-14
Maximum relative error: 8.70215e-14
N = 256000
P = 8
Teamsize = 2
Label	Computation	Split	Shift	Reduce
c=2	6.270314e+01	7.005750e-02	1.864565e-01	1.210187e+01
Rank 0 Total Time: 8.075328e+01
Reading result from data/invsq_n256000_s1337.txt
Vector  relative error: 1.50403e-14
Average relative error: 1.19776e-14
Maximum relative error: 7.00508e-14
N = 256000
P = 16
Teamsize = 1
Label	Computation	Split	Shift	Reduce
c=1	4.359612e+01	7.420006e-02	1.225431e+01	6.756207e-01
Rank 0 Total Time: 5.657913e+01
Reading result from data/invsq_n256000_s1337.txt
Vector  relative error: 1.5627e-14
Average relative error: 1.18355e-14
Maximum relative error: 8.39665e-14
N = 256000
P = 16
Teamsize = 2
Label	Computation	Split	Shift	Reduce
c=2	4.006854e+01	1.483438e-01	9.638339e+00	3.354892e+00
Rank 0 Total Time: 5.405289e+01
Reading result from data/invsq_n256000_s1337.txt
Vector  relative error: 1.55644e-14
Average relative error: 1.24486e-14
Maximum relative error: 7.22995e-14
N = 256000
P = 16
Teamsize = 4
Label	Computation	Split	Shift	Reduce
c=4	3.137328e+01	1.255238e-01	1.627394e-02	4.780435e+00
Rank 0 Total Time: 4.046989e+01
Reading result from data/invsq_n256000_s1337.txt
Vector  relative error: 1.44842e-14
Average relative error: 1.15713e-14
Maximum relative error: 6.52207e-14
N = 256000
P = 32
Teamsize = 1
Label	Computation	Split	Shift	Reduce
c=1	2.363028e+01	9.651419e-02	1.308848e+01	1.195176e+00
Rank 0 Total Time: 3.821679e+01
Reading result from data/invsq_n256000_s1337.txt
Vector  relative error: 1.58546e-14
Average relative error: 1.2096e-14
Maximum relative error: 8.3933e-14
N = 256000
P = 32
Teamsize = 2
Label	Computation	Split	Shift	Reduce
c=2	1.878068e+01	8.282653e-02	4.929780e+00	1.555446e+00
Rank 0 Total Time: 2.653466e+01
Reading result from data/invsq_n256000_s1337.txt
Vector  relative error: 1.57333e-14
Average relative error: 1.2572e-14
Maximum relative error: 7.33794e-14
N = 256000
P = 32
Teamsize = 4
Label	Computation	Split	Shift	Reduce
c=4	1.819098e+01	1.462686e-01	9.553594e-01	2.657377e+00
Rank 0 Total Time: 2.256557e+01
Reading result from data/invsq_n256000_s1337.txt
Vector  relative error: 1.45163e-14
Average relative error: 1.15995e-14
Maximum relative error: 6.82899e-14
N = 256000
P = 64
Teamsize = 1
Label	Computation	Split	Shift	Reduce
c=1	1.124947e+01	1.862088e-01	1.058030e+01	7.715799e-01
Rank 0 Total Time: 2.340525e+01
Reading result from data/invsq_n256000_s1337.txt
Vector  relative error: 1.59761e-14
Average relative error: 1.2247e-14
Maximum relative error: 8.31485e-14
N = 256000
P = 64
Teamsize = 2
Label	Computation	Split	Shift	Reduce
c=2	1.190075e+01	2.526500e-01	7.700338e+00	9.249692e-01
Rank 0 Total Time: 2.117142e+01
Reading result from data/invsq_n256000_s1337.txt
Vector  relative error: 1.58012e-14
Average relative error: 1.26128e-14
Maximum relative error: 7.86729e-14
N = 256000
P = 64
Teamsize = 4
Label	Computation	Split	Shift	Reduce
c=4	1.170792e+01	1.378287e-01	3.255650e+00	1.700267e+00
Rank 0 Total Time: 1.768812e+01
Reading result from data/invsq_n256000_s1337.txt
Vector  relative error: 1.44594e-14
Average relative error: 1.15451e-14
Maximum relative error: 7.02849e-14
N = 256000
P = 64
Teamsize = 8
Label	Computation	Split	Shift	Reduce
c=8	1.277960e+01	5.639624e-01	4.486970e-01	5.492061e+00
Rank 0 Total Time: 2.134963e+01
Reading result from data/invsq_n256000_s1337.txt
Vector  relative error: 1.40512e-14
Average relative error: 1.12239e-14
Maximum relative error: 6.5988e-14
